59 99
1 7
1 87
1 95
3 6
3 11
3 24
3 58
3 65
3 91
4 5
4 9
4 13
4 50
4 71
5 18
5 42
5 78
7 4
7 16
7 43
7 60
7 64
7 66
7 75
7 85
7 88
7 97
7 98
8 33
8 47
9 21
9 59
11 86
13 53
16 8
16 25
16 46
16 90
23 40
27 2
27 48
27 67
28 0
39 38
41 12
43 37
43 92
44 15
46 17
46 94
50 26
54 31
56 19
56 35
56 80
56 82
60 23
60 32
60 56
60 74
60 84
60 96
61 57
63 70
64 29
64 61
64 63
66 10
74 45
74 81
75 62
75 93
79 30
83 73
84 20
84 34
85 22
85 69
87 3
87 27
87 54
87 79
87 89
88 41
88 44
88 68
89 99
90 55
92 36
95 28
95 39
95 52
96 72
96 77
97 49
97 83
98 14
98 51
98 76
47 75
1 0
3 13
4 5
5 1
7 1
8 33
8 2
9 7
10 50
11 0
12 2
13 66
14 8
15 27
16 50
17 50
18 66
19 66
20 50
21 33
22 27
23 66
24 33
24 6
25 33
26 57
27 1
28 18
29 66
30 6
31 22
32 49
33 1
34 40
35 68
36 11
37 23
38 33
39 63
40 7
41 15
42 27
43 5
44 6
45 2
46 53
47 36
48 66
49 66
50 1
51 40
52 53
53 66
54 23
55 29
56 75
57 5
58 33
59 11
60 27
61 2
62 4
63 5
64 19
65 75
66 0
67 2
68 11
69 33
70 15
71 18
72 4
73 29
74 0
75 66
61 92
1 9
1 15
1 70
1 85
4 19
7 39
7 77
8 13
8 21
8 84
9 27
9 34
9 50
9 56
9 60
9 82
9 86
12 89
15 7
15 17
15 22
15 28
15 38
15 91
17 49
22 16
26 83
27 26
27 44
27 53
27 58
27 63
27 87
28 36
32 52
34 4
34 11
34 79
35 33
35 66
38 64
42 40
44 75
47 55
48 54
48 61
48 74
50 12
50 14
50 29
50 45
50 68
50 81
53 57
53 69
53 76
53 80
56 0
56 10
56 23
56 41
60 3
63 31
65 90
70 8
70 25
70 35
70 42
70 48
70 62
70 65
72 46
82 6
82 18
82 43
82 47
82 51
82 73
85 67
85 72
85 88
85 92
86 2
86 5
86 20
86 32
86 37
86 59
86 71
91 24
91 30
91 78
49 85
3 6
4 22
5 0
6 1
7 27
8 9
9 40
10 26
11 13
12 61
13 1
14 30
15 13
16 26
17 28
18 53
18 1
19 26
20 54
21 23
22 53
23 2
24 26
25 12
26 5
26 2
28 1
29 39
30 80
31 2
32 44
33 18
34 37
35 13
36 75
37 53
38 54
39 61
40 0
41 35
42 1
43 54
44 40
45 35
46 79
47 52
48 1
49 74
50 53
51 40
52 54
53 0
54 1
55 18
56 79
57 37
58 74
59 62
60 2
61 0
62 76
63 2
64 26
65 40
66 27
67 23
68 12
69 11
70 84
71 60
72 9
73 65
74 53
74 27
75 61
76 1
77 51
78 6
79 40
80 5
81 44
82 42
83 24
84 40
85 12
54 97
3 54
3 2
4 48
6 89
7 78
8 95
9 59
10 20
11 55
12 6
13 57
13 39
14 39
14 5
15 14
16 85
17 78
18 88
19 13
20 1
21 10
22 28
23 2
24 39
25 36
26 49
27 13
28 66
29 89
30 58
31 10
32 54
33 57
34 78
35 88
36 64
37 14
38 82
39 1
40 60
41 53
42 10
43 80
44 3
45 35
46 97
47 32
48 23
49 95
50 67
51 20
51 59
52 59
53 3
54 0
55 95
56 10
57 0
58 20
60 32
61 5
62 88
63 13
64 1
65 24
66 0
67 2
68 13
69 58
70 5
71 88
72 23
73 8
74 49
75 53
76 86
77 67
78 64
79 86
80 57
81 78
82 57
83 23
84 70
85 77
86 57
87 66
88 0
89 20
90 87
91 64
92 86
93 82
94 35
95 1
96 88
97 44
50 88
4 16
5 20
6 40
8 1
9 53
10 18
11 40
12 1
13 21
14 3
15 76
16 12
17 15
19 84
20 84
21 86
21 1
22 64
23 16
24 28
25 62
26 62
27 18
28 86
28 3
30 67
31 19
32 8
33 45
34 52
35 84
36 40
37 29
38 62
39 1
39 7
40 45
41 76
42 1
43 16
44 56
45 0
46 14
47 48
48 2
49 51
50 38
51 2
52 53
53 62
53 2
54 9
55 14
56 12
57 12
58 29
59 29
60 2
61 56
62 0
63 15
64 20
64 29
65 32
66 35
67 86
68 7
69 25
70 12
71 48
72 40
73 35
74 67
75 8
76 12
77 7
78 74
79 57
80 14
81 3
82 84
82 18
83 67
84 0
85 36
86 0
87 51
88 62
67 90
1 73
2 23
3 9
4 54
5 43
6 65
7 43
8 73
9 21
10 29
11 65
12 29
13 9
14 34
15 26
16 90
17 43
18 29
19 29
20 67
21 0
22 21
23 0
24 22
25 26
26 0
27 42
28 86
29 0
30 23
31 54
32 34
33 26
34 0
35 67
36 89
37 9
38 21
39 29
40 23
41 21
42 0
43 0
44 73
45 34
46 26
47 89
48 43
49 38
50 82
51 29
52 67
53 86
54 21
55 29
56 26
57 23
58 42
59 18
60 42
61 34
62 21
63 26
64 34
65 21
66 42
67 0
68 40
69 2
70 73
71 67
72 62
73 0
74 40
75 34
76 23
77 85
78 73
79 9
80 73
81 26
82 23
83 22
84 26
85 21
86 0
87 38
88 9
89 21
90 23
60 87
2 37
3 57
4 15
5 68
6 0
7 27
8 15
9 27
10 54
11 47
12 0
13 17
14 27
15 6
16 79
17 20
18 79
19 10
20 0
21 33
22 54
23 39
24 82
25 72
26 71
27 0
28 15
29 71
30 39
31 58
32 15
33 12
34 54
35 44
36 79
37 20
38 27
39 1
40 27
41 12
42 75
43 82
44 12
45 0
46 58
47 1
48 54
49 6
50 86
51 47
52 27
53 39
54 0
55 1
56 20
57 6
57 47
58 6
59 84
60 45
61 82
62 57
63 84
64 1
65 12
66 39
67 39
68 12
69 84
70 45
71 6
72 20
73 33
74 20
75 20
76 33
77 6
78 77
79 0
80 39
81 7
82 0
83 1
84 12
85 82
86 27
87 45
60 81
1 11
1 17
1 31
1 34
1 42
1 49
1 57
1 72
1 74
1 78
1 81
3 37
3 66
11 3
11 43
11 52
11 55
11 63
11 68
11 69
11 71
17 5
17 14
17 20
17 23
17 30
17 36
17 47
17 54
30 4
31 7
31 28
31 40
31 56
31 64
31 67
34 16
34 22
34 29
34 38
34 39
34 46
34 62
34 80
42 9
42 15
42 26
42 48
43 18
43 53
46 2
49 25
49 61
49 65
49 73
49 75
54 24
55 33
55 70
57 10
58 13
63 27
63 41
70 6
71 44
72 19
72 35
72 51
72 59
74 8
74 21
74 45
74 76
78 12
78 32
78 50
78 77
78 79
81 0
81 58
81 60
64 93
1 7
1 9
1 15
1 36
1 46
1 63
1 82
1 85
3 12
3 56
3 84
3 86
7 3
7 18
7 66
7 67
7 79
7 92
8 24
9 30
9 42
9 53
9 65
9 91
12 58
13 10
13 77
15 8
15 13
15 17
15 59
15 60
15 68
15 90
17 11
17 39
18 6
18 43
18 81
21 71
27 26
29 0
29 49
30 31
30 69
36 29
36 35
36 55
36 64
36 72
36 78
46 27
46 28
46 37
46 73
46 83
53 2
53 33
53 48
53 50
53 54
55 19
60 51
63 25
63 34
63 40
63 41
63 47
63 52
65 32
65 44
66 21
66 45
66 70
67 14
67 62
67 74
67 89
68 22
78 20
78 38
82 80
82 88
82 93
85 4
85 57
85 87
90 16
90 61
91 23
92 5
92 75
92 76
65 79
1 10
1 16
1 17
1 18
1 29
1 34
1 35
1 37
1 39
1 44
1 63
1 64
1 71
1 72
10 0
10 6
10 11
10 21
10 23
10 27
10 28
10 41
10 51
10 65
10 67
10 69
10 76
11 79
16 9
16 20
16 24
16 30
16 42
16 47
16 53
16 55
16 73
17 22
17 36
17 38
17 50
17 52
17 54
17 60
17 62
17 66
18 2
18 14
18 31
18 43
18 61
21 48
29 5
29 8
29 12
29 25
29 40
29 49
29 59
34 13
34 19
34 57
34 58
35 3
35 4
35 7
35 45
35 56
35 70
37 32
37 68
37 74
37 78
39 33
39 46
51 75
63 26
63 77
67 15
9 19
0 4
0 18
1 0
2 11
3 10
3 13
4 7
6 5
7 9
7 17
7 19
9 14
9 15
15 8
15 12
16 3
18 6
19 16
19 2
96 99
0 2
1 0
1 98
98 40
98 35
98 30
98 25
98 20
98 15
98 10
98 5
98 46
98 41
98 36
98 31
98 26
98 21
98 16
98 99
98 11
98 6
98 47
98 42
98 37
98 32
98 27
98 22
98 17
98 12
98 7
98 48
98 43
98 38
98 33
98 28
98 23
98 18
98 13
98 8
98 49
98 3
98 44
98 39
98 34
98 29
98 24
98 19
98 14
98 9
98 4
98 45
99 81
99 76
99 71
99 66
99 61
99 56
99 97
99 51
99 92
99 87
99 82
99 77
99 72
99 67
99 62
99 57
99 52
99 93
99 88
99 83
99 78
99 73
99 68
99 63
99 58
99 53
99 94
99 89
99 84
99 79
99 74
99 69
99 64
99 59
99 54
99 95
99 90
99 85
99 80
99 75
99 70
99 65
99 60
99 55
99 96
99 50
99 91
99 86
94 99
0 2
0 3
0 4
0 5
0 6
0 7
0 8
0 9
0 10
0 11
0 12
0 13
0 14
0 15
0 16
0 17
0 18
0 19
0 20
0 21
0 22
0 23
0 24
0 25
0 26
0 27
0 28
0 29
0 30
0 31
0 32
0 33
0 34
0 35
0 99
1 0
35 36
62 63
64 74
64 66
64 67
64 68
64 69
64 70
64 71
64 72
64 73
64 75
64 76
64 77
64 78
64 79
64 81
64 80
64 82
64 84
64 85
64 87
64 88
64 89
64 83
64 91
64 92
64 93
64 94
64 90
64 86
97 65
99 61
99 56
99 97
99 51
99 46
99 41
99 40
99 62
99 57
99 98
99 52
99 47
99 42
99 37
99 58
99 53
99 48
99 43
99 38
99 64
99 59
99 54
99 95
99 49
99 44
99 39
99 60
99 55
99 96
99 50
99 45
88 93
0 2
0 3
0 4
0 5
0 6
0 7
0 8
0 9
0 10
0 11
0 12
0 13
0 14
0 15
0 16
0 17
0 18
0 19
0 20
0 21
0 22
0 23
0 24
0 25
0 26
0 27
0 28
0 29
0 30
0 31
0 32
0 33
0 34
0 35
0 36
0 37
0 38
0 39
0 40
0 41
0 42
0 43
0 44
0 45
0 46
0 47
0 48
0 49
0 50
0 51
0 52
0 53
0 54
0 55
0 56
0 57
0 58
0 59
0 60
0 61
1 0
1 91
46 93
75 76
91 72
91 67
91 62
91 73
91 68
91 63
91 74
91 69
91 71
91 64
91 66
91 75
91 70
91 65
91 92
93 87
93 82
93 77
93 88
93 83
93 78
93 81
93 89
93 84
93 79
93 90
93 85
93 80
93 86
64 99
1 6
1 16
1 43
1 57
1 63
1 86
1 88
2 22
5 78
6 15
6 18
6 35
6 42
6 74
6 85
6 87
15 36
15 47
15 61
15 99
16 31
16 32
16 38
16 51
16 53
16 54
16 68
16 71
16 76
18 45
18 72
18 89
18 93
20 9
31 30
32 14
35 46
35 91
35 17
38 28
42 49
43 56
43 62
43 92
43 5
43 29
43 12
43 20
46 8
47 77
51 2
51 48
51 96
53 41
53 24
54 75
54 79
57 23
57 11
57 13
57 69
57 90
57 19
59 67
62 58
63 65
63 80
63 33
63 34
68 66
68 40
69 4
71 73
71 94
71 59
71 39
74 7
74 50
74 52
85 21
85 44
85 27
85 70
86 97
86 60
87 95
87 10
88 82
88 84
88 64
88 25
88 26
88 98
90 55
93 81
97 0
97 37
98 83
99 3
75 99
1 4
1 8
1 12
1 23
1 26
1 27
1 57
1 61
1 79
1 81
1 95
4 25
4 41
4 45
4 55
4 80
4 82
4 85
4 97
8 10
8 13
8 28
8 30
8 54
8 63
8 64
8 76
8 83
8 99
10 3
10 20
10 34
10 36
12 6
12 7
12 32
12 39
12 47
12 74
12 84
12 98
13 38
23 24
23 42
23 56
23 69
23 89
23 93
23 11
25 49
25 50
25 65
25 72
25 78
26 5
26 52
26 62
26 75
26 92
27 22
27 37
27 59
27 66
27 70
27 16
45 21
45 48
45 86
55 91
57 73
57 87
57 19
61 9
61 33
61 17
63 43
63 40
64 71
64 96
64 46
76 2
76 31
79 0
79 53
79 14
79 77
80 15
81 68
81 60
81 88
82 35
83 29
85 51
85 18
95 67
95 90
95 94
95 58
99 44
62 99
0 81
0 82
1 15
1 20
1 45
1 49
1 88
2 8
2 23
2 32
9 17
9 40
10 41
10 95
11 16
11 30
11 39
11 61
11 70
11 80
14 67
15 11
15 21
15 59
15 62
15 73
16 83
20 9
20 27
20 36
21 29
21 74
21 13
22 71
22 96
22 19
24 63
27 42
27 46
27 50
27 7
30 69
36 76
39 38
44 64
44 66
44 93
44 18
45 22
45 44
45 52
45 55
45 68
45 5
45 10
49 24
49 58
49 99
49 14
52 12
52 33
54 37
55 28
55 53
59 3
59 57
59 60
59 75
59 84
59 86
59 91
60 26
62 77
62 79
62 89
62 92
62 25
66 98
66 51
68 35
70 90
72 4
72 34
72 56
73 65
73 47
73 31
73 87
73 94
79 48
84 78
86 43
88 0
88 2
88 72
88 54
91 85
97 6
99 97
64 99
1 11
1 21
1 25
1 45
1 52
1 65
1 67
1 70
1 72
1 95
2 92
3 62
4 9
4 98
6 17
7 23
11 16
11 33
11 39
11 57
11 73
11 84
11 91
11 93
16 69
21 37
21 38
21 55
21 63
21 3
21 6
22 24
22 46
25 4
25 27
25 30
25 83
25 87
25 8
25 19
27 36
33 5
33 59
33 13
33 81
34 32
37 34
37 66
37 80
38 94
39 47
39 61
39 88
39 96
45 41
45 22
45 53
45 54
45 99
45 7
45 35
49 97
52 26
52 60
52 77
52 78
53 86
55 43
55 74
57 42
57 12
57 68
57 85
63 79
65 89
65 10
67 44
67 75
67 48
67 14
67 40
70 49
70 71
70 56
72 50
73 82
73 90
73 58
83 20
83 15
84 64
84 18
87 28
91 31
91 76
94 0
95 2
95 51
98 29
62 99
1 22
2 20
2 0
3 64
4 67
5 74
6 25
7 67
8 37
9 42
10 22
11 98
12 41
13 2
14 91
15 40
16 61
17 74
18 11
19 48
21 66
23 41
24 25
25 48
25 41
26 20
27 48
27 66
28 48
29 38
30 61
31 67
32 26
33 19
34 72
35 2
36 69
37 40
38 0
39 40
42 61
43 0
44 74
45 2
46 74
47 74
48 20
49 66
50 35
51 22
52 96
53 51
54 48
54 51
55 39
56 54
57 89
58 0
59 67
60 26
62 25
63 74
64 2
65 43
66 61
67 61
68 91
69 40
70 38
71 48
71 86
72 40
73 97
74 20
75 66
76 27
77 86
78 70
79 33
80 26
81 86
82 65
83 66
84 25
85 41
87 54
88 26
89 48
90 0
91 48
92 73
93 40
94 22
95 61
96 48
97 20
97 40
98 20
99 97
65 99
1 15
1 27
1 42
1 62
1 67
1 75
3 22
3 68
11 88
15 41
15 66
15 71
15 94
15 95
15 96
16 13
17 74
18 33
19 7
19 80
19 98
26 10
26 38
26 79
27 16
27 26
27 73
27 76
27 77
41 14
41 18
41 51
41 54
41 60
41 72
42 8
42 44
42 69
42 82
42 91
44 31
45 61
50 64
51 21
57 2
57 48
62 3
62 19
62 50
62 57
62 85
66 4
66 17
66 32
66 78
66 90
66 92
66 99
67 25
67 29
67 87
69 36
70 23
70 53
71 9
71 34
71 43
71 47
71 63
75 45
75 70
75 89
75 93
76 0
76 28
76 49
77 20
77 35
77 58
82 65
85 12
85 52
85 81
87 39
87 55
89 6
89 56
89 84
91 86
91 97
94 11
94 24
94 46
95 5
95 30
95 40
96 37
96 83
99 59
64 99
1 6
1 11
1 41
1 76
4 25
5 19
5 82
5 95
6 33
6 58
6 94
7 14
11 13
11 18
11 21
11 44
11 47
11 54
11 66
13 10
13 48
13 55
13 56
13 60
13 68
13 75
14 27
18 20
18 49
18 67
18 70
20 87
21 9
21 15
21 86
23 52
23 59
24 40
24 84
28 22
33 7
33 26
33 53
33 78
33 79
33 92
41 63
41 69
44 16
44 45
45 31
47 4
47 12
47 32
47 83
47 90
49 29
53 0
54 30
56 3
56 43
56 51
58 23
58 62
58 71
62 81
63 2
63 8
63 34
63 36
63 42
63 80
63 96
65 57
65 64
65 77
66 35
66 37
66 72
66 89
69 17
69 38
69 98
74 46
74 93
75 97
76 5
76 24
76 28
76 65
76 73
76 74
76 91
80 39
91 50
92 99
94 61
94 85
94 88
65 99
1 2
1 30
1 33
1 45
1 47
1 58
1 62
1 63
1 71
1 92
2 3
2 4
2 6
2 29
2 32
2 39
2 49
2 96
3 14
3 55
3 90
4 15
4 31
4 75
6 17
6 95
6 97
12 26
12 46
13 44
13 91
20 16
24 59
24 78
29 34
30 12
30 43
30 53
30 69
30 99
32 50
33 20
33 25
33 27
33 40
33 56
36 19
39 52
39 86
42 41
43 8
43 94
43 98
45 7
45 36
45 42
45 57
45 82
46 79
47 37
47 65
49 28
49 35
49 70
53 9
57 67
58 51
58 61
58 68
58 72
58 76
58 85
61 11
61 84
62 23
62 24
62 74
62 77
62 81
63 13
63 64
63 66
63 93
64 80
65 88
69 83
69 87
71 5
71 18
71 54
92 21
92 22
92 38
94 60
96 0
96 48
96 73
99 10
99 89
99 99
0 99
1 99
2 99
3 99
4 99
5 99
6 99
7 99
8 99
9 99
10 99
11 99
12 99
13 99
14 99
15 99
16 99
17 99
18 99
19 99
20 99
21 99
22 99
23 99
24 99
25 99
26 99
27 99
28 99
29 99
30 99
31 99
32 99
33 99
34 99
35 99
36 99
37 99
38 99
39 99
40 99
41 99
42 99
43 99
44 99
45 99
46 99
47 99
48 99
49 99
50 99
51 99
52 99
53 99
54 99
55 99
56 99
57 99
58 99
59 99
60 99
61 99
62 99
63 99
64 99
65 99
66 99
67 99
68 99
69 99
70 99
71 99
72 99
73 99
74 99
75 99
76 99
77 99
78 99
79 99
80 99
81 99
82 99
83 99
84 99
85 99
86 99
87 99
88 99
89 99
90 99
91 99
92 99
93 99
94 99
95 99
96 99
97 99
98 99
95 99
0 2
1 0
1 98
48 50
98 3
98 4
98 5
98 6
98 7
98 8
98 9
98 10
98 11
98 12
98 13
98 14
98 15
98 16
98 17
98 18
98 19
98 20
98 21
98 22
98 23
98 24
98 25
98 26
98 27
98 28
98 29
98 30
98 31
98 32
98 33
98 34
98 35
98 36
98 37
98 38
98 39
98 40
98 41
98 42
98 43
98 44
98 45
98 46
98 47
98 48
98 49
98 99
99 51
99 52
99 53
99 54
99 55
99 56
99 57
99 58
99 59
99 60
99 61
99 62
99 63
99 64
99 65
99 66
99 67
99 68
99 69
99 70
99 71
99 72
99 73
99 74
99 75
99 76
99 77
99 78
99 79
99 80
99 81
99 82
99 83
99 84
99 85
99 86
99 87
99 88
99 89
99 90
99 91
99 92
99 93
99 94
99 95
99 96
99 97
92 99
1 0
2 4
3 1
4 0
5 0
6 4
7 1
8 0
9 8
10 0
11 1
12 1
13 5
14 8
15 1
16 4
17 4
18 4
19 5
20 4
21 0
22 24
23 5
24 0
25 0
26 0
27 0
28 1
29 0
30 1
31 1
32 0
33 5
34 1
35 0
36 8
37 1
38 1
39 0
40 0
41 0
42 1
43 0
44 5
45 0
46 0
47 8
48 0
49 1
50 0
51 1
52 0
53 1
54 0
55 0
56 4
57 4
58 0
59 0
60 21
61 0
62 1
63 8
64 5
65 1
66 0
67 0
68 0
69 0
70 1
71 4
72 5
73 0
74 4
75 4
76 0
77 0
78 1
79 10
80 0
81 1
82 5
83 1
84 8
85 4
86 1
87 5
88 8
89 4
90 1
91 5
92 0
93 5
94 1
95 1
96 4
97 21
98 1
99 5
91 99
1 4
2 4
3 0
4 0
5 3
6 14
7 0
8 4
9 4
10 7
11 0
12 14
13 4
14 0
15 7
16 7
17 3
18 4
19 4
20 3
21 39
22 7
23 11
24 7
25 14
26 0
27 3
28 4
29 7
30 4
31 3
32 4
33 3
34 0
35 0
36 0
37 3
38 26
39 0
40 4
41 0
42 3
43 4
44 11
45 4
46 0
47 0
48 3
49 0
50 4
51 0
52 4
53 4
54 3
55 3
56 11
57 3
58 4
59 3
60 0
61 4
62 0
63 0
64 0
65 7
66 4
67 0
68 3
69 4
70 3
71 4
72 3
73 0
74 3
75 14
76 3
77 4
78 0
79 14
80 4
81 26
82 7
83 4
84 11
85 34
86 3
87 0
88 0
89 0
90 3
91 4
92 3
93 3
94 4
95 3
96 0
97 3
98 7
99 3
90 99
1 13
2 8
3 4
4 0
5 4
6 8
7 8
8 0
9 0
10 4
11 0
12 8
13 0
14 13
15 0
16 0
17 4
18 8
19 4
20 0
21 0
22 4
23 8
24 0
25 0
26 9
27 0
28 4
29 0
30 0
31 0
32 11
33 11
34 0
35 8
36 0
37 9
38 8
39 4
40 9
41 0
42 15
43 11
44 4
45 13
46 0
47 11
48 21
49 4
50 8
51 0
52 20
53 4
54 0
55 4
56 0
57 8
58 0
59 8
60 16
61 16
62 11
63 0
64 0
65 4
66 0
67 0
68 0
69 8
70 4
71 9
72 0
73 9
74 4
75 0
76 9
77 13
78 8
79 9
80 8
81 9
82 0
83 0
84 8
85 9
86 0
87 11
88 0
89 4
90 21
91 0
92 0
93 16
94 9
95 0
96 0
97 11
98 4
99 16
90 99
1 0
2 19
3 0
4 0
5 14
6 4
7 1
8 1
9 3
10 1
11 3
12 1
13 1
14 0
15 1
16 14
17 0
18 49
19 0
20 1
21 1
22 24
23 0
24 0
25 1
26 0
27 28
28 0
29 4
30 0
31 0
32 14
33 0
34 1
35 4
36 0
37 14
38 4
39 19
40 3
41 14
42 0
43 1
44 19
45 0
46 3
47 4
48 1
49 0
50 14
51 0
52 0
53 0
54 0
55 1
56 1
57 0
58 1
59 1
60 17
61 19
62 0
63 4
64 1
65 1
66 4
67 0
68 14
69 0
70 0
71 0
72 0
73 0
74 4
75 19
76 17
77 0
78 0
79 0
80 14
81 1
82 3
83 0
84 17
85 1
86 0
87 4
88 0
89 0
90 0
91 14
92 0
93 3
94 1
95 3
96 3
97 14
98 0
99 0
90 99
0 8
0 9
0 13
0 16
0 19
0 24
0 30
0 39
0 46
0 55
0 71
0 74
0 75
0 84
0 91
1 0
1 3
1 4
1 5
1 6
1 7
1 11
1 14
1 15
1 17
1 18
1 21
1 27
1 31
1 32
1 33
1 35
1 37
1 43
1 44
1 53
1 54
1 57
1 60
1 62
1 64
1 68
1 69
1 76
1 78
1 79
1 83
1 92
1 93
1 95
1 96
1 97
1 99
3 22
3 23
3 25
3 26
3 34
3 52
3 63
3 65
3 66
3 72
3 80
3 85
3 87
3 88
3 90
4 20
4 28
4 29
4 36
4 40
4 48
4 56
4 58
4 67
4 81
4 82
4 94
5 10
5 38
5 42
5 45
5 50
5 51
5 61
5 86
5 89
5 98
6 41
6 49
6 73
7 2
7 70
11 12
11 47
21 77
35 59
90 99
1 8
1 12
1 15
1 16
1 18
1 26
1 30
1 32
1 35
1 37
1 38
1 41
1 47
1 51
1 52
1 62
1 72
1 74
1 75
1 83
1 85
1 87
1 88
1 89
1 90
1 91
1 92
1 95
1 98
8 0
8 2
8 4
8 9
8 11
8 13
8 20
8 21
8 24
8 25
8 27
8 31
8 44
8 55
8 61
8 63
8 64
8 76
8 77
8 78
8 79
8 81
8 84
8 86
8 93
8 94
8 96
8 97
8 99
12 3
12 14
12 29
12 34
12 39
12 46
12 50
12 56
12 58
12 65
12 70
15 10
15 23
15 36
15 42
15 43
15 48
15 53
15 54
15 57
15 68
15 80
15 82
16 6
16 17
16 19
16 33
16 45
16 69
18 66
18 71
18 73
26 5
30 22
30 28
30 40
30 49
30 59
35 67
41 7
41 60
89 99
1 3
1 4
1 7
1 12
1 13
1 16
1 17
1 21
1 22
1 23
1 24
1 35
1 36
1 42
1 43
1 47
1 48
1 49
1 52
1 56
1 58
1 63
1 66
1 69
1 71
1 73
1 76
1 77
1 87
1 89
1 97
1 98
3 5
3 9
3 19
3 30
3 38
3 39
3 40
3 53
3 62
3 65
3 68
3 70
3 72
3 79
3 80
3 81
3 82
3 83
3 84
3 85
3 91
3 93
4 0
4 2
4 6
4 11
4 15
4 27
4 28
4 34
4 37
4 44
4 61
4 64
4 74
4 75
4 86
4 88
4 90
7 18
7 31
7 33
7 50
7 67
7 78
7 95
12 20
12 26
12 32
12 41
12 51
12 54
12 57
13 8
13 46
13 55
13 60
13 92
16 25
16 29
16 45
16 94
17 96
21 59
22 10
22 99
23 14
90 99
0 2
0 5
0 7
0 13
0 22
0 24
0 28
0 37
0 46
0 51
0 63
0 69
0 81
0 90
1 0
1 3
1 4
1 6
1 9
1 10
1 11
1 14
1 15
1 17
1 19
1 26
1 27
1 30
1 35
1 39
1 40
1 41
1 45
1 48
1 54
1 57
1 58
1 61
1 65
1 66
1 71
1 80
1 83
1 87
1 88
1 91
1 94
1 98
3 12
3 16
3 18
3 21
3 31
3 32
3 33
3 38
3 44
3 49
3 52
3 53
3 67
3 70
3 72
3 73
3 75
3 77
3 78
3 82
3 84
3 85
3 86
3 89
3 93
3 95
3 96
3 97
4 20
4 36
4 42
4 43
4 50
4 55
4 59
4 74
4 92
6 8
6 23
6 29
6 56
6 99
9 25
9 64
10 34
10 62
10 68
10 76
11 79
14 60
27 47
90 99
1 3
1 7
1 21
1 23
1 26
1 27
1 32
1 41
1 45
1 46
1 56
1 58
1 63
1 73
1 77
1 78
1 79
1 86
1 95
3 8
3 12
3 13
3 14
3 20
3 29
3 30
3 31
3 34
3 35
3 40
3 44
3 53
3 57
3 60
3 65
3 72
3 75
3 80
3 82
3 83
3 85
3 91
3 93
3 96
3 99
7 0
7 4
7 9
7 10
7 15
7 19
7 22
7 25
7 28
7 36
7 37
7 42
7 47
7 48
7 51
7 59
7 68
7 70
7 74
7 76
7 90
8 43
21 6
21 16
21 18
21 39
21 49
21 54
21 55
21 62
21 64
21 66
21 69
21 81
21 94
21 97
21 98
23 50
23 88
23 89
23 92
26 24
26 33
26 38
26 67
27 2
27 52
27 61
27 84
32 11
32 17
32 71
41 5
41 87
90 99
1 6
1 7
1 8
1 9
1 10
1 11
1 13
1 15
1 18
1 21
1 23
1 24
1 28
1 29
1 34
1 35
1 36
1 40
1 42
1 44
1 47
1 52
1 53
1 68
1 72
1 73
1 74
1 75
1 77
1 78
1 80
1 85
1 86
1 89
1 91
1 92
1 95
1 98
6 5
6 16
6 17
6 19
6 27
6 39
6 46
6 56
6 57
6 70
6 71
6 82
6 87
6 93
6 94
6 99
7 0
7 3
7 4
7 14
7 31
7 32
7 33
7 38
7 45
7 59
7 61
7 62
7 64
7 96
8 2
8 12
8 26
8 37
8 49
8 51
8 54
8 58
8 67
8 76
8 79
8 88
8 90
9 50
9 63
9 66
10 25
10 30
10 41
10 43
10 48
10 60
10 84
11 55
11 81
11 83
13 65
13 97
15 20
15 22
21 69
90 99
1 18
2 4
3 4
4 0
5 4
6 8
7 8
8 0
9 4
10 4
11 29
12 4
13 4
14 18
15 8
16 8
17 0
18 0
19 4
20 8
21 0
22 21
23 4
24 17
25 0
26 17
27 17
28 4
29 0
30 4
31 0
32 4
33 0
34 51
35 8
36 4
37 8
38 8
39 0
40 17
41 0
42 17
43 17
44 0
45 4
46 17
47 21
48 0
49 18
50 18
51 0
52 0
53 0
54 4
55 8
56 4
57 18
58 8
59 4
60 0
61 0
62 25
63 0
64 18
65 17
66 0
67 4
68 4
69 4
70 17
71 4
72 17
73 4
74 18
75 0
76 0
77 17
78 0
79 8
80 4
81 8
82 0
83 18
84 4
85 21
86 0
87 33
88 8
89 0
90 0
91 4
92 18
93 4
94 25
95 0
96 18
97 0
98 0
99 25
91 99
1 6
2 6
3 15
4 15
5 15
6 0
7 6
8 6
9 17
10 17
11 6
12 17
13 27
14 6
15 0
16 15
17 0
18 0
19 15
20 15
21 15
22 17
23 17
24 6
25 6
26 18
27 0
28 0
29 0
30 0
31 17
32 6
33 29
34 0
35 15
36 6
37 6
38 0
39 17
40 17
41 6
42 6
43 0
44 0
45 0
46 6
47 6
48 15
49 0
50 17
51 0
52 0
53 6
54 18
55 29
56 17
57 17
58 6
59 15
60 0
61 6
62 0
63 0
64 15
65 6
66 6
67 15
68 15
69 0
70 18
71 6
72 0
73 18
74 17
75 17
76 28
77 17
78 15
79 18
80 0
81 6
82 30
83 6
84 0
85 6
86 0
87 27
88 0
89 0
90 18
91 28
92 0
93 6
94 15
95 18
96 30
97 6
98 0
99 0
91 99
1 5
1 6
1 7
1 10
1 14
1 20
1 24
1 32
1 33
1 40
1 44
1 45
1 51
1 55
1 56
1 57
1 58
1 59
1 60
1 61
1 65
1 75
1 76
1 77
1 81
1 83
1 85
1 87
1 90
1 92
1 98
1 99
5 0
5 2
5 3
5 4
5 15
5 21
5 22
5 23
5 25
5 31
5 34
5 35
5 36
5 41
5 48
5 49
5 53
5 62
5 66
5 68
5 69
5 72
5 80
5 86
5 96
6 9
6 12
6 13
6 18
6 26
6 27
6 28
6 30
6 42
6 46
6 50
6 63
6 67
6 70
6 71
6 73
6 74
6 78
6 82
6 84
6 88
6 89
6 91
6 93
6 97
7 16
7 39
7 47
7 64
7 79
7 95
10 8
10 52
14 17
14 54
20 37
24 11
24 19
24 29
24 43
24 94
45 38
91 99
1 2
1 3
1 6
1 13
1 25
1 26
1 27
1 29
1 30
1 33
1 34
1 38
1 39
1 41
1 43
1 48
1 49
1 54
1 57
1 58
1 64
1 69
1 70
1 72
1 73
1 76
1 83
1 85
1 88
1 94
1 95
1 96
2 5
2 9
2 10
2 12
2 14
2 15
2 21
2 22
2 23
2 31
2 35
2 36
2 44
2 45
2 46
2 47
2 51
2 55
2 59
2 60
2 67
2 74
2 75
2 77
2 78
2 81
2 84
2 87
2 92
2 93
2 97
2 98
2 99
3 17
3 20
3 40
3 52
3 53
3 56
3 68
3 71
3 82
6 4
6 7
6 11
6 19
6 50
6 63
6 79
6 90
6 91
13 0
13 16
13 32
13 66
13 86
25 18
25 24
25 28
25 37
25 61
25 65
25 80
25 89
26 62
29 42
38 8
91 99
0 2
0 4
0 5
0 11
0 16
0 20
0 21
0 23
0 25
0 39
0 43
0 44
0 45
0 49
0 56
0 58
0 61
0 63
0 64
0 65
0 67
0 69
0 70
0 73
0 74
0 76
0 79
0 83
0 84
0 85
0 87
0 88
0 89
0 90
0 91
0 93
1 0
1 3
1 6
1 9
1 10
1 13
1 14
1 15
1 17
1 18
1 22
1 26
1 27
1 28
1 30
1 33
1 35
1 38
1 46
1 52
1 55
1 60
1 62
1 66
1 68
1 75
1 77
1 78
1 80
1 86
1 92
1 94
1 96
1 97
1 98
1 99
3 34
3 40
3 47
3 50
3 53
3 54
3 71
3 81
3 95
6 8
6 31
6 37
6 51
6 57
6 82
9 12
9 24
9 32
9 42
9 59
10 7
10 36
10 48
10 72
14 41
17 29
22 19
92 99
0 3
0 8
0 14
0 16
0 24
0 27
0 29
0 31
0 36
0 40
0 49
0 52
0 53
0 58
0 60
0 67
0 70
0 76
0 84
0 87
0 90
0 91
1 0
1 2
1 4
1 5
1 9
1 10
1 12
1 15
1 23
1 25
1 26
1 33
1 34
1 35
1 41
1 42
1 43
1 46
1 47
1 48
1 51
1 54
1 57
1 59
1 62
1 66
1 71
1 72
1 74
1 75
1 77
1 81
1 82
1 83
1 85
1 86
1 92
1 93
1 95
1 96
1 97
1 98
1 99
2 7
2 11
2 17
2 19
2 20
2 30
2 32
2 37
2 38
2 39
2 50
2 63
2 65
2 80
2 88
2 89
4 13
4 21
4 28
4 44
4 45
4 55
4 68
4 69
4 73
4 78
4 79
5 22
5 64
5 94
9 6
9 61
10 18
15 56
89 99
1 9
2 9
3 8
4 0
5 8
6 8
7 8
8 0
9 0
10 0
11 10
12 0
13 8
14 0
15 29
16 0
17 12
18 4
19 8
20 10
21 0
22 9
23 8
24 4
25 4
26 4
27 9
28 9
29 0
30 29
31 0
32 9
33 0
34 0
35 12
36 0
37 9
38 4
39 4
40 0
41 4
42 0
43 9
44 8
45 9
46 0
47 4
48 0
49 0
50 21
51 4
52 0
53 0
54 4
55 0
56 9
57 0
58 0
59 0
60 0
61 0
62 12
63 8
64 0
65 4
66 0
67 0
68 0
69 8
70 8
71 0
72 0
73 4
74 14
75 14
76 4
77 4
78 10
79 12
80 0
81 10
82 16
83 12
84 4
85 10
86 0
87 8
88 12
89 0
90 4
91 4
92 36
93 12
94 0
95 10
96 16
97 4
98 4
99 8
90 99
1 5
1 7
1 9
1 14
1 19
1 21
1 22
1 24
1 27
1 28
1 29
1 32
1 38
1 42
1 44
1 46
1 52
1 53
1 55
1 63
1 65
1 66
1 71
1 74
1 75
1 76
1 78
1 79
1 81
1 84
1 86
1 90
1 91
1 95
1 98
5 0
5 3
5 10
5 12
5 17
5 20
5 31
5 34
5 35
5 41
5 47
5 50
5 61
5 77
5 80
5 82
5 88
5 89
5 92
5 94
5 97
5 99
7 11
7 30
7 33
7 36
7 37
7 49
7 51
7 54
7 57
7 59
7 64
7 73
7 87
7 96
9 2
9 4
9 8
9 13
9 15
9 23
9 40
9 43
9 48
9 58
9 60
9 70
9 93
14 25
14 39
14 68
14 83
19 16
19 56
19 62
19 85
21 6
21 18
21 67
22 69
22 72
46 26
52 45
92 99
1 6
1 11
1 14
1 19
1 21
1 22
1 24
1 25
1 30
1 34
1 35
1 36
1 38
1 41
1 48
1 50
1 56
1 57
1 60
1 64
1 65
1 66
1 67
1 68
1 69
1 70
1 71
1 73
1 76
1 81
1 86
1 88
1 91
1 92
1 94
1 99
6 4
6 13
6 15
6 26
6 31
6 42
6 44
6 45
6 46
6 58
6 59
6 63
6 72
6 74
6 77
6 78
6 82
6 83
6 85
6 90
6 97
11 0
11 3
11 9
11 10
11 12
11 16
11 18
11 20
11 28
11 43
11 51
11 52
11 62
11 84
11 87
11 89
14 5
14 7
14 17
14 27
14 29
14 33
14 93
19 2
19 8
19 39
19 49
19 61
19 75
19 95
19 96
21 23
21 32
21 37
21 40
21 55
21 79
21 80
22 47
22 53
22 98
25 54
90 99
0 2
0 6
0 8
0 9
0 11
0 14
0 18
0 21
0 23
0 25
0 28
0 32
0 36
0 43
0 58
0 61
0 70
0 75
0 77
0 79
0 80
0 84
0 88
0 93
0 94
0 98
0 99
1 0
1 3
1 4
1 17
1 20
1 22
1 24
1 26
1 29
1 30
1 31
1 34
1 35
1 39
1 40
1 42
1 44
1 45
1 47
1 52
1 54
1 55
1 60
1 63
1 64
1 65
1 66
1 68
1 69
1 72
1 78
1 87
1 91
1 92
1 96
1 97
3 10
3 13
3 15
3 33
3 49
3 50
3 59
3 62
3 71
3 73
3 85
4 7
4 12
4 16
4 19
4 27
4 38
4 53
4 57
4 67
4 81
4 90
17 56
17 74
17 76
17 89
17 95
20 5
20 37
20 41
20 83
22 51
24 46
26 86
29 48
29 82
7 12
1 0
1 2
1 5
1 7
1 8
2 3
3 4
5 6
6 10
6 12
8 9
8 11
10 19
1 0
2 19
4 0
4 7
5 16
6 18
7 19
8 15
9 7
10 3
11 2
12 15
13 3
14 9
15 9
16 19
16 3
17 7
18 0
2 1
1 0
99 99
1 99
99 0
99 2
99 3
99 4
99 5
99 6
99 7
99 8
99 9
99 10
99 11
99 12
99 13
99 14
99 15
99 16
99 17
99 18
99 19
99 20
99 21
99 22
99 23
99 24
99 25
99 26
99 27
99 28
99 29
99 30
99 31
99 32
99 33
99 34
99 35
99 36
99 37
99 38
99 39
99 40
99 41
99 42
99 43
99 44
99 45
99 46
99 47
99 48
99 49
99 50
99 51
99 52
99 53
99 54
99 55
99 56
99 57
99 58
99 59
99 60
99 61
99 62
99 63
99 64
99 65
99 66
99 67
99 68
99 69
99 70
99 71
99 72
99 73
99 74
99 75
99 76
99 77
99 78
99 79
99 80
99 81
99 82
99 83
99 84
99 85
99 86
99 87
99 88
99 89
99 90
99 91
99 92
99 93
99 94
99 95
99 96
99 97
99 98
95 99
0 2
1 0
1 98
48 50
98 3
98 4
98 5
98 6
98 7
98 8
98 9
98 10
98 11
98 12
98 13
98 14
98 15
98 16
98 17
98 18
98 19
98 20
98 21
98 22
98 23
98 24
98 25
98 26
98 27
98 28
98 29
98 30
98 31
98 32
98 33
98 34
98 35
98 36
98 37
98 38
98 39
98 40
98 41
98 42
98 43
98 44
98 45
98 46
98 47
98 48
98 49
98 99
99 51
99 52
99 53
99 54
99 55
99 56
99 57
99 58
99 59
99 60
99 61
99 62
99 63
99 64
99 65
99 66
99 67
99 68
99 69
99 70
99 71
99 72
99 73
99 74
99 75
99 76
99 77
99 78
99 79
99 80
99 81
99 82
99 83
99 84
99 85
99 86
99 87
99 88
99 89
99 90
99 91
99 92
99 93
99 94
99 95
99 96
99 97
92 99
0 10
0 13
0 16
0 17
0 19
0 21
0 26
0 29
0 32
0 38
0 43
0 44
0 47
0 51
0 55
0 56
0 61
0 64
0 66
0 70
0 71
0 80
0 82
0 86
0 92
0 93
1 0
1 2
1 7
1 8
1 9
1 12
1 14
1 15
1 18
1 23
1 24
1 25
1 28
1 31
1 34
1 35
1 37
1 39
1 40
1 42
1 46
1 59
1 63
1 68
1 72
1 73
1 75
1 76
1 77
1 78
1 81
1 83
1 85
1 89
1 91
1 94
1 99
2 3
2 6
2 20
2 27
2 30
2 41
2 49
2 52
2 58
2 62
2 69
2 87
2 88
2 95
7 11
7 33
7 48
7 50
7 54
7 57
7 74
7 79
7 90
7 96
7 98
8 4
8 5
8 36
8 45
8 60
8 97
9 53
9 65
9 67
14 22
15 84
62 99
1 24
1 49
1 57
1 67
1 76
1 81
1 82
1 83
2 40
2 74
2 75
3 52
9 36
11 23
11 50
11 55
15 16
15 59
17 5
17 12
17 31
17 69
18 7
19 6
19 21
19 26
19 28
20 10
22 62
23 84
24 2
24 11
24 38
24 68
24 72
24 79
24 90
27 35
33 3
33 98
38 46
38 60
38 95
38 97
39 34
40 56
47 0
48 64
48 66
49 17
49 33
49 39
49 19
49 20
49 48
49 87
51 4
54 61
57 9
57 96
58 13
58 25
67 14
67 58
67 65
67 18
67 37
68 53
68 70
72 32
72 73
72 88
75 45
76 42
76 15
76 22
76 85
76 99
79 8
79 51
79 63
81 27
81 30
81 47
81 78
82 44
82 54
82 80
82 91
82 92
82 93
82 94
83 86
83 89
85 29
87 41
87 71
90 77
99 43
64 99
1 13
1 14
1 18
1 36
1 51
1 62
1 69
1 80
1 95
3 5
3 38
3 65
9 6
9 44
9 61
11 31
11 47
11 55
11 70
11 86
13 3
13 10
13 11
13 27
13 75
13 76
13 94
14 17
14 39
14 72
14 93
14 96
15 45
15 59
15 77
15 81
17 8
17 23
17 60
17 90
18 15
18 33
18 43
18 78
19 0
21 25
26 87
27 29
27 99
27 98
28 58
33 53
36 42
36 66
36 91
38 22
39 48
39 74
43 20
46 79
50 7
50 63
51 9
51 50
51 67
62 2
62 19
62 30
62 68
62 73
62 92
64 40
66 4
67 52
67 84
69 21
69 46
69 64
69 85
75 41
76 56
76 88
76 89
76 97
78 34
80 26
80 57
91 82
93 12
93 71
94 16
94 83
95 32
95 35
95 28
95 49
95 54
96 24
96 37
66 99
1 21
3 0
4 19
5 22
6 21
6 37
7 62
8 63
9 21
10 42
11 62
12 1
13 83
14 54
15 62
16 19
17 71
18 12
19 2
20 99
21 0
22 3
23 60
24 1
25 63
26 60
27 71
28 22
29 53
30 0
31 19
32 21
33 53
34 64
35 54
35 2
36 53
38 18
39 63
40 42
41 83
42 3
43 15
44 35
45 12
46 54
47 30
48 73
49 62
50 24
51 37
52 42
53 0
54 0
55 33
56 47
57 73
58 62
59 73
60 53
61 64
62 30
63 3
64 30
65 33
66 37
67 83
68 1
69 41
70 24
71 21
72 60
73 3
74 73
75 12
76 42
77 73
78 9
79 99
80 73
81 54
82 29
83 0
84 46
85 46
86 60
87 2
88 46
89 64
90 47
91 83
92 79
93 19
94 13
95 2
96 83
97 64
98 64
99 3
64 99
1 17
1 27
1 42
1 45
1 51
1 79
1 83
1 85
5 6
5 44
5 55
10 52
12 98
15 13
15 31
17 30
17 32
17 36
17 53
17 73
17 84
17 95
18 80
18 41
22 97
27 22
27 56
27 70
27 71
27 88
27 93
27 59
28 46
29 26
29 72
30 9
30 43
30 58
30 81
30 35
30 77
32 38
32 60
36 19
36 34
36 23
36 66
40 92
42 5
42 12
42 28
42 40
45 18
45 69
45 76
45 96
51 8
51 62
51 91
53 0
53 49
53 50
56 10
56 20
56 65
61 48
62 2
62 47
62 75
69 74
70 16
70 57
71 7
71 68
71 87
73 63
73 64
73 82
79 29
79 61
79 78
79 99
81 24
83 15
83 94
84 37
85 4
85 11
85 89
88 67
89 21
89 33
93 25
93 39
95 3
95 14
95 54
95 90
96 86
63 99
0 87
1 23
1 24
1 27
1 37
1 39
1 44
4 12
5 13
5 22
5 65
5 72
5 73
5 80
6 91
6 99
10 14
10 21
10 76
10 84
10 68
11 74
11 97
15 77
15 93
18 7
18 90
21 59
23 6
23 15
23 26
23 69
23 71
24 46
24 54
24 58
24 89
24 96
26 4
26 52
26 94
27 10
27 43
27 61
29 47
29 55
32 49
37 5
37 11
37 29
37 42
37 64
38 2
38 25
39 16
39 32
39 83
39 98
41 60
42 9
42 19
42 57
44 8
44 34
44 38
44 17
44 18
44 75
46 33
46 56
46 63
46 66
46 67
52 31
54 0
54 28
54 95
58 20
58 51
58 78
58 79
61 92
63 53
64 88
69 41
69 48
69 70
69 86
71 45
71 81
71 82
74 3
83 50
89 62
89 85
93 36
93 30
96 40
98 35
62 99
1 37
2 90
3 0
4 29
5 69
6 87
7 23
8 16
8 11
9 55
10 30
12 85
13 69
14 16
15 33
16 0
17 23
17 96
18 10
19 41
20 83
21 31
22 30
22 86
23 0
24 16
25 33
26 96
27 71
28 11
29 37
30 0
31 3
31 37
32 54
33 3
34 83
35 46
36 11
38 23
39 40
40 83
41 16
42 65
43 14
44 46
45 96
46 0
47 33
48 90
49 91
50 91
51 7
52 23
53 11
54 23
55 17
56 24
57 92
58 30
59 22
60 46
61 86
62 86
63 76
64 81
65 3
66 41
67 65
68 33
69 87
70 76
71 46
72 33
73 30
74 77
75 16
76 3
77 46
78 22
79 17
80 90
81 46
82 16
83 0
84 37
85 0
87 0
88 65
89 22
90 0
91 3
92 46
93 83
94 73
95 33
97 38
98 85
99 91
66 99
1 15
1 18
1 43
1 48
1 54
1 55
1 68
2 70
2 73
2 79
5 13
5 26
5 45
6 82
9 4
9 37
9 75
9 87
9 94
12 22
12 59
12 89
13 62
15 5
15 9
15 58
16 81
16 91
17 29
17 51
18 12
18 28
18 46
18 77
23 33
23 40
23 72
24 0
24 31
28 3
28 19
35 21
35 41
35 49
35 90
37 78
42 53
42 57
43 2
43 6
43 23
43 80
43 84
43 95
45 11
46 34
46 67
46 92
46 98
48 24
48 30
48 35
48 42
48 50
48 66
48 76
48 99
54 16
54 27
54 38
54 44
54 93
54 96
55 8
55 17
55 36
58 56
58 25
58 60
66 39
66 65
68 32
68 52
68 61
68 69
76 88
77 47
77 86
79 63
80 20
80 97
84 64
84 83
84 85
94 14
94 74
95 10
95 71
99 7
66 99
1 20
1 23
1 28
1 38
1 58
1 71
3 18
3 39
3 61
3 79
3 80
3 81
4 88
8 99
9 52
12 33
12 35
12 73
12 74
12 86
12 98
14 7
14 51
15 54
15 57
15 64
15 76
15 78
17 87
17 96
18 36
19 66
20 3
20 12
20 15
20 21
20 25
20 62
20 83
20 89
21 13
21 37
21 63
21 72
22 2
22 31
23 14
23 32
23 34
23 41
23 53
23 95
25 27
25 56
28 6
28 8
28 17
28 70
32 11
32 42
32 69
32 91
34 40
34 49
38 10
38 43
38 55
38 60
38 77
39 26
41 47
41 65
43 68
53 0
53 46
53 97
55 16
55 59
58 50
58 19
58 48
60 5
60 85
70 24
71 22
71 4
71 44
71 94
76 75
78 82
78 93
83 30
83 45
89 9
89 29
89 84
89 90
94 92
94 67
46 99
1 0
2 1
3 4
4 0
5 0
6 1
7 2
8 3
9 4
10 5
11 6
12 7
13 8
14 9
15 0
16 1
17 2
18 3
19 4
20 0
20 40
21 1
22 2
23 3
24 4
25 5
26 6
27 7
28 8
29 9
30 10
31 11
32 12
33 13
34 14
35 15
36 16
37 17
38 18
39 19
41 40
42 22
43 23
44 40
45 40
46 26
47 27
48 28
49 29
50 30
51 31
52 32
53 33
54 34
55 40
56 36
57 37
58 38
59 39
60 40
61 81
62 82
63 83
64 84
65 85
66 86
67 87
68 88
69 89
71 70
72 92
73 93
74 70
75 70
76 96
77 97
78 98
79 99
80 0
81 1
82 2
83 3
84 4
85 5
86 6
87 7
88 8
89 9
90 10
90 70
91 11
92 12
93 13
94 14
95 15
96 16
97 17
98 18
99 19
67 99
2 57
3 5
4 5
5 18
6 89
7 21
8 17
9 82
10 26
11 44
12 60
13 26
14 40
15 1
16 54
17 18
18 0
19 33
20 77
21 0
22 81
23 21
24 78
25 32
26 18
27 76
28 0
29 26
30 21
31 21
32 0
33 18
34 80
35 77
36 17
37 97
38 44
39 79
40 18
41 18
41 15
42 44
43 5
44 0
45 40
46 33
47 21
48 57
49 76
50 94
51 21
52 17
53 97
54 32
55 28
56 21
57 18
58 44
59 21
60 28
61 78
62 1
63 57
64 33
65 82
66 32
67 1
68 59
69 54
70 82
71 15
72 82
73 32
74 17
75 1
76 0
77 18
78 0
79 18
80 21
81 21
82 0
83 73
84 32
85 31
86 28
87 55
88 59
89 76
90 82
91 44
91 97
92 23
93 17
94 78
95 44
96 15
98 28
99 57
65 99
1 6
1 11
1 41
1 76
4 25
5 19
5 82
5 95
6 33
6 58
6 94
7 14
11 13
11 18
11 21
11 44
11 47
11 54
11 66
13 10
13 48
13 55
13 56
13 60
13 68
13 75
14 27
18 20
18 49
18 67
18 70
20 87
21 9
21 15
21 86
23 52
24 40
24 84
33 7
33 26
33 53
33 78
33 79
33 92
41 63
41 69
44 16
44 22
44 45
45 31
47 4
47 12
47 32
47 83
47 90
49 29
53 0
54 30
56 3
56 43
56 51
58 23
58 62
58 71
62 81
63 2
63 8
63 34
63 36
63 42
63 80
63 96
65 57
65 64
65 77
66 35
66 37
66 72
66 89
69 17
69 38
69 59
69 98
74 46
74 93
75 97
76 5
76 24
76 28
76 65
76 73
76 74
76 91
80 39
91 50
92 99
94 61
94 85
94 88
65 99
1 15
1 27
1 42
1 62
1 67
1 75
3 22
3 68
11 88
15 41
15 66
15 71
15 94
15 95
15 96
16 13
17 74
18 33
19 7
19 80
19 98
26 10
26 38
26 79
27 16
27 26
27 73
27 76
27 77
41 14
41 18
41 51
41 54
41 60
41 72
42 8
42 44
42 69
42 82
42 91
44 31
45 61
50 64
51 21
57 2
57 48
62 3
62 19
62 50
62 57
62 85
66 4
66 17
66 32
66 78
66 90
66 92
66 99
67 25
67 29
67 87
69 36
70 23
70 53
71 9
71 34
71 43
71 47
71 63
75 45
75 70
75 89
75 93
76 0
76 28
76 49
77 20
77 35
77 58
82 65
85 12
85 52
85 81
87 39
87 55
89 6
89 56
89 84
91 86
91 97
94 11
94 24
94 46
95 5
95 30
95 40
96 37
96 83
99 59
64 99
1 6
1 11
1 41
1 76
4 25
5 19
5 82
5 95
6 33
6 58
6 94
7 14
11 13
11 18
11 21
11 44
11 47
11 54
11 66
13 10
13 48
13 55
13 56
13 60
13 68
13 75
14 27
18 20
18 49
18 67
18 70
20 87
21 9
21 15
21 86
23 52
23 59
24 40
24 84
28 22
33 7
33 26
33 53
33 78
33 79
33 92
41 63
41 69
44 16
44 45
45 31
47 4
47 12
47 32
47 83
47 90
49 29
53 0
54 30
56 3
56 43
56 51
58 23
58 62
58 71
62 81
63 2
63 8
63 34
63 36
63 42
63 80
63 96
65 57
65 64
65 77
66 35
66 37
66 72
66 89
69 17
69 38
69 98
74 46
74 93
75 97
76 5
76 24
76 28
76 65
76 73
76 74
76 91
80 39
91 50
92 99
94 61
94 85
94 88
10 19
1 0
2 19
4 0
4 7
5 16
6 18
7 19
8 15
9 7
10 3
11 2
12 15
13 3
14 9
15 9
16 19
16 3
17 7
18 0
14 19
0 3
1 6
2 15
4 3
5 6
6 3
7 3
8 15
9 4
10 16
11 16
12 7
13 3
14 16
15 3
16 3
17 7
18 16
19 3
32 49
1 20
1 25
1 39
1 43
5 8
5 37
6 5
6 26
6 30
6 41
15 7
15 10
15 31
16 22
17 4
17 33
17 49
20 6
20 9
20 15
20 17
20 21
20 24
20 40
20 44
20 48
21 34
21 35
26 46
32 19
34 42
36 0
36 13
36 29
39 28
39 38
39 47
40 2
40 12
41 23
41 27
43 11
43 16
44 32
44 45
48 3
48 14
48 18
48 36
66 99
1 36
2 28
3 82
4 60
5 63
6 10
7 63
8 23
9 96
10 23
11 91
12 8
13 10
14 26
15 17
16 96
17 0
18 63
19 30
20 35
21 60
22 26
23 0
24 66
25 72
26 17
27 70
28 0
29 36
30 23
31 63
32 30
33 2
34 55
35 55
36 0
37 58
38 15
39 56
40 30
41 1
42 56
43 66
44 63
45 79
46 36
47 28
48 79
49 15
50 66
51 79
52 15
53 5
54 63
55 17
56 23
57 15
58 23
59 83
60 0
61 91
62 55
63 0
64 66
65 60
66 0
67 24
68 11
69 79
70 0
71 60
72 71
73 28
74 36
75 86
76 8
77 66
78 8
79 23
80 26
81 31
82 17
83 60
84 60
85 8
86 17
87 21
88 96
89 70
90 63
91 0
92 8
93 69
94 66
95 36
96 17
97 70
98 26
99 30
46 79
1 0
3 37
4 15
5 0
6 16
7 0
8 56
9 70
10 36
11 61
12 7
13 2
14 2
15 59
16 1
17 13
18 37
19 35
20 14
21 59
22 76
23 37
24 36
25 37
26 52
27 59
28 7
28 52
29 1
30 29
31 41
32 33
33 2
34 64
35 33
36 1
37 5
38 70
39 59
40 12
41 59
42 6
43 12
44 33
45 13
46 77
47 76
48 21
49 33
50 30
51 29
53 67
54 29
55 21
56 5
56 2
57 65
58 57
59 0
60 15
61 56
62 67
63 21
64 14
65 1
66 16
67 59
68 33
69 32
70 65
71 56
72 41
73 51
74 2
75 15
76 65
77 70
78 49
79 52
68 98
2 82
3 47
4 9
5 32
6 47
7 29
7 1
8 41
9 29
10 63
11 48
12 97
13 30
14 31
15 19
16 30
17 1
18 30
19 29
20 41
21 31
22 18
23 31
24 46
25 13
26 73
27 1
28 14
29 0
30 0
31 0
32 29
33 71
34 47
35 60
36 57
37 46
38 87
39 71
40 29
41 30
42 73
43 71
44 74
45 46
46 0
47 0
48 0
49 1
50 7
51 7
52 71
53 19
54 19
55 48
56 82
57 47
58 11
59 31
60 30
61 87
62 95
63 0
64 19
65 1
66 40
67 13
68 47
69 71
70 73
71 0
72 47
73 29
74 31
75 9
76 11
77 95
78 32
79 39
80 10
81 95
82 30
83 63
84 97
85 87
86 60
87 30
88 41
89 13
90 95
91 7
92 16
93 95
94 63
95 30
96 9
97 30
98 1
59 89
1 7
2 56
3 77
4 22
5 75
6 13
7 0
8 11
9 62
10 38
11 0
12 62
13 30
14 75
15 38
16 30
17 79
18 54
19 77
20 14
21 41
22 30
23 38
24 10
25 75
26 74
27 77
28 54
29 62
30 0
31 74
32 73
33 1
34 47
35 11
36 10
37 75
38 0
39 54
40 54
41 38
42 30
43 77
44 75
45 77
46 16
47 1
48 73
49 35
50 25
51 62
52 65
53 35
54 0
55 15
56 11
57 56
58 22
59 25
60 4
61 73
62 7
63 62
64 10
65 30
66 62
67 75
68 1
69 77
70 8
71 23
72 30
73 7
74 54
75 0
76 62
77 0
78 8
79 75
80 35
81 22
82 73
83 10
84 41
85 62
86 28
87 15
88 68
89 33
71 99
1 20
1 30
1 32
1 46
1 48
1 74
1 90
7 6
7 25
7 71
7 94
16 11
16 38
16 40
16 43
16 50
16 63
16 84
16 96
20 7
20 16
20 22
20 51
20 59
20 73
20 77
22 23
22 37
22 60
22 70
24 69
25 72
26 81
30 12
30 33
30 42
30 49
30 65
30 75
30 79
30 83
30 87
30 88
30 97
32 24
32 47
32 57
32 58
32 61
32 66
32 78
32 86
33 56
42 2
42 95
46 21
46 26
46 62
46 64
46 68
46 85
46 91
46 98
47 54
47 76
48 4
48 13
48 53
48 99
51 29
51 41
51 52
51 67
51 93
57 82
60 3
65 0
66 17
73 14
73 18
73 34
74 15
74 35
74 80
74 92
75 27
75 36
77 5
77 45
77 55
79 9
83 10
88 44
90 8
90 19
90 28
90 31
90 89
97 39
85 99
1 20
2 18
3 7
4 14
5 19
6 12
7 0
8 19
9 18
10 26
11 22
12 0
13 19
14 0
15 26
16 7
17 7
18 0
19 0
20 0
21 26
22 0
23 12
24 34
25 7
26 0
27 7
28 7
29 22
30 7
31 0
32 7
33 12
34 0
35 93
36 34
37 12
38 19
39 20
40 22
41 20
42 34
43 20
44 26
45 34
46 7
47 19
48 12
49 26
50 85
51 7
52 0
53 18
54 12
55 14
56 12
57 0
58 65
59 18
60 12
61 14
62 12
63 18
64 14
65 0
66 19
67 14
68 0
69 0
70 18
71 14
72 25
73 31
74 19
75 20
76 65
77 22
78 14
79 20
80 12
81 20
82 14
83 22
84 22
85 0
86 12
87 18
88 14
89 19
90 12
91 31
92 31
93 0
94 14
95 20
96 7
97 12
98 12
99 18
74 99
1 5
1 6
1 17
1 20
1 25
1 26
1 34
1 36
1 43
1 47
1 74
1 83
5 19
5 75
5 80
5 87
5 88
6 0
6 51
6 79
6 81
6 85
6 95
6 99
11 45
17 15
17 28
17 44
17 50
17 54
17 58
17 70
17 91
17 98
19 60
19 65
19 66
19 94
20 4
20 11
20 13
20 30
20 48
20 57
20 62
20 71
20 72
25 27
25 38
25 39
25 78
25 89
26 14
26 31
26 37
26 40
28 29
30 46
34 16
34 42
34 77
34 90
34 93
36 2
36 8
36 10
36 22
36 68
36 69
43 12
43 61
43 63
43 64
43 82
47 33
47 35
47 52
47 73
50 7
51 55
51 59
57 21
70 32
71 86
74 9
74 41
74 49
74 67
74 84
74 96
75 24
75 53
79 23
79 97
87 18
87 76
87 92
88 56
98 3
66 99
2 43
4 75
5 6
6 75
6 43
7 1
8 27
9 88
10 76
11 6
12 27
13 83
14 71
15 57
16 75
17 62
18 1
19 75
20 71
21 91
22 87
23 7
24 84
25 89
26 62
27 1
28 82
29 8
30 27
31 95
32 68
33 82
34 62
34 27
35 16
36 26
37 43
38 91
39 93
40 91
41 87
42 18
44 72
45 75
46 16
47 10
48 43
49 18
50 43
51 18
52 91
53 18
54 49
55 65
56 43
57 75
58 27
59 89
60 3
61 3
62 0
63 95
64 87
65 0
66 82
67 75
68 65
68 3
69 27
70 26
71 95
72 82
73 87
74 82
75 0
76 0
77 62
78 95
79 18
80 95
81 76
82 0
83 95
84 82
85 62
86 95
87 0
88 62
89 65
90 43
91 62
92 82
93 65
94 19
95 0
96 65
97 3
98 55
99 81
73 99
1 2
1 6
1 15
1 42
1 46
1 60
1 68
1 70
1 85
1 90
2 4
2 34
2 37
2 39
2 47
2 50
2 56
2 58
4 54
4 55
4 57
4 69
4 97
6 18
6 71
6 72
6 84
6 88
6 98
15 8
15 23
15 61
15 65
18 63
18 83
34 24
34 52
34 76
37 20
37 25
37 82
37 99
39 7
41 32
42 3
42 27
42 41
42 62
42 86
42 92
46 16
46 19
46 35
46 91
47 28
47 31
47 66
47 77
50 87
56 36
56 40
56 67
58 79
60 0
60 12
60 14
60 38
60 48
60 74
60 89
60 94
61 22
62 93
68 5
68 13
68 45
68 49
68 59
68 73
68 78
68 80
68 81
68 96
70 11
70 75
70 95
75 43
84 9
84 44
85 21
88 17
90 10
90 26
90 29
90 30
90 33
90 51
90 53
98 64
73 99
2 64
3 64
4 50
5 2
6 18
7 1
8 20
9 22
10 50
11 12
12 0
13 12
14 7
15 64
16 36
17 50
19 50
20 12
21 4
22 12
22 1
23 50
24 15
25 87
26 64
27 64
28 14
29 20
30 76
31 27
32 1
33 20
34 64
35 76
36 12
37 50
38 19
39 13
40 76
41 4
42 13
43 4
44 72
45 12
45 18
46 81
47 76
48 22
49 19
50 0
51 20
52 81
53 1
54 76
55 81
56 95
57 13
58 76
59 64
60 45
61 3
62 50
63 81
64 0
65 12
66 13
67 20
68 22
69 13
70 72
71 87
72 0
73 87
74 18
75 22
76 0
77 17
78 10
79 4
80 11
81 0
82 22
83 3
84 72
85 95
86 22
87 50
88 11
89 50
90 22
91 2
92 76
93 76
94 22
95 50
96 20
97 13
98 3
99 36
82 99
0 77
1 16
1 25
1 28
1 34
1 46
1 53
1 55
1 58
1 61
1 65
1 78
1 85
1 92
1 99
2 81
2 97
16 0
16 2
16 15
16 23
16 29
16 31
16 35
16 62
16 68
16 69
16 73
16 75
16 82
16 86
16 91
16 93
16 96
25 26
25 36
25 41
25 49
25 51
25 70
25 71
25 76
25 79
25 88
25 89
25 94
28 10
28 13
28 14
28 54
28 64
28 72
28 83
29 8
34 17
34 48
34 50
34 57
34 59
34 63
34 66
34 74
46 11
46 33
46 38
46 45
46 84
46 87
46 90
53 9
53 19
53 24
53 37
53 42
53 67
53 95
55 4
55 18
55 22
55 56
58 20
58 43
58 44
58 52
58 80
61 3
61 39
65 7
65 32
65 47
65 60
68 6
78 12
78 30
82 40
92 5
92 21
92 27
92 98
63 96
1 0
1 2
1 80
2 3
4 5
9 10
14 15
19 20
24 25
29 30
34 35
39 40
44 45
49 50
54 55
59 60
64 65
69 70
74 75
78 79
80 4
80 81
81 6
81 7
81 8
81 9
81 82
82 11
82 12
82 13
82 14
82 83
83 16
83 17
83 18
83 19
83 84
84 21
84 22
84 23
84 24
84 85
85 26
85 27
85 28
85 29
85 86
86 31
86 32
86 33
86 34
86 87
87 36
87 37
87 38
87 39
87 88
88 41
88 42
88 43
88 44
88 89
89 46
89 47
89 48
89 49
89 90
90 51
90 52
90 53
90 54
90 91
91 56
91 57
91 58
91 59
91 92
92 61
92 62
92 63
92 64
92 93
93 66
93 67
93 68
93 69
93 94
94 71
94 72
94 73
94 74
94 95
95 76
95 77
95 78
95 96
61 96
1 0
1 2
1 80
2 3
3 4
7 8
12 13
17 18
22 23
27 28
32 33
37 38
42 43
53 52
58 57
63 62
68 67
73 72
76 75
77 76
77 95
78 77
78 96
79 78
80 79
80 81
81 5
81 6
81 7
81 82
82 9
82 10
82 11
82 12
82 83
83 14
83 15
83 16
83 17
83 84
84 19
84 20
84 21
84 22
84 85
85 24
85 25
85 26
85 27
85 86
86 29
86 30
86 31
86 32
86 87
87 34
87 35
87 36
87 37
87 88
88 39
88 40
88 41
88 42
88 89
89 44
89 45
89 46
89 47
90 48
90 49
90 50
90 51
91 53
91 54
91 55
91 56
91 90
92 58
92 59
92 60
92 61
92 91
93 63
93 64
93 65
93 66
93 92
94 68
94 69
94 70
94 71
94 93
95 73
95 74
95 94
59 96
0 80
1 0
1 2
1 81
2 3
5 6
10 11
15 16
20 21
25 26
30 31
35 36
40 41
45 46
50 51
61 60
66 65
71 70
74 73
75 74
75 95
76 75
77 76
78 77
78 96
79 78
80 79
81 4
81 5
81 82
82 7
82 8
82 9
82 10
82 83
83 12
83 13
83 14
83 15
83 84
84 17
84 18
84 19
84 20
84 85
85 22
85 23
85 24
85 25
85 86
86 27
86 28
86 29
86 30
86 87
87 32
87 33
87 34
87 35
87 88
88 37
88 38
88 39
88 40
88 89
89 42
89 43
89 44
89 45
89 90
90 47
90 48
90 49
90 50
90 91
91 52
91 53
91 54
91 55
92 56
92 57
92 58
92 59
93 61
93 62
93 63
93 64
93 92
94 66
94 67
94 68
94 69
94 93
95 71
95 72
95 94
44 98
1 0
1 2
1 80
2 3
3 4
5 6
10 11
13 14
18 19
21 22
26 27
29 30
34 35
37 38
42 43
43 44
43 91
44 45
45 46
46 47
46 92
47 48
50 51
51 52
51 93
52 53
57 56
58 57
58 94
59 58
60 59
61 60
61 95
62 61
65 64
66 65
66 96
67 66
68 67
69 68
69 97
70 69
73 72
74 73
74 98
75 74
76 75
77 76
78 77
79 78
80 79
80 81
81 5
81 82
82 7
82 8
82 9
82 10
82 83
83 12
83 13
83 84
84 15
84 16
84 17
84 18
84 85
85 20
85 21
85 86
86 23
86 24
86 25
86 26
86 87
87 28
87 29
87 88
88 31
88 32
88 33
88 34
88 89
89 36
89 37
89 90
90 39
90 40
90 41
90 42
92 49
92 50
94 54
94 55
96 62
96 63
98 70
98 71
92 99
1 0
2 0
3 0
4 0
5 0
6 0
7 0
8 0
9 0
10 0
11 0
12 0
13 0
14 0
15 0
16 0
17 0
18 0
19 0
20 0
21 0
22 0
23 0
24 0
25 0
26 0
27 3
28 0
29 6
30 0
31 0
32 5
33 0
34 0
35 0
36 2
37 2
38 1
39 1
40 0
41 2
42 0
43 2
44 11
45 1
46 0
47 1
48 0
49 0
50 5
51 0
52 0
53 1
54 2
55 3
56 0
57 0
58 0
59 1
60 0
61 5
62 0
63 0
64 1
65 0
66 1
67 0
68 1
69 3
70 0
71 0
72 2
73 0
74 0
75 0
76 3
77 6
78 0
79 4
80 2
81 0
82 0
83 0
84 2
85 0
86 4
87 0
88 1
89 0
90 0
91 1
92 4
93 1
94 4
95 2
96 3
97 3
98 6
99 0
98 99
1 2
1 3
1 4
1 5
1 6
1 7
1 8
1 9
1 10
1 11
1 12
1 13
1 14
1 15
1 16
1 17
1 18
1 19
1 20
1 21
1 22
1 23
1 24
1 25
1 26
1 27
1 28
1 29
1 30
1 31
1 32
1 33
1 34
1 35
1 36
1 37
1 38
1 39
1 40
1 41
1 42
1 43
1 44
1 45
1 46
1 47
1 48
1 49
1 50
1 51
1 52
1 53
1 54
1 55
1 56
1 57
1 58
1 59
1 60
1 61
1 62
1 63
1 64
1 65
1 66
1 67
1 68
1 69
1 70
1 71
1 72
1 73
1 74
1 75
1 76
1 77
1 78
1 79
1 80
1 81
1 82
1 83
1 84
1 85
1 86
1 87
1 88
1 89
1 90
1 91
1 92
1 93
1 94
1 95
1 96
1 97
1 98
1 99
2 0
53 99
0 20
0 50
0 70
0 40
1 2
1 4
1 9
2 0
2 5
2 3
4 6
4 7
9 8
10 12
10 15
10 17
10 14
12 13
12 11
13 19
15 18
17 16
20 27
20 24
20 30
20 10
20 22
20 25
22 23
24 21
27 28
27 26
28 29
30 34
30 90
30 35
30 37
30 32
31 39
34 31
34 36
35 33
35 38
40 42
40 44
40 47
40 45
42 43
42 41
43 49
44 46
47 48
50 55
50 54
50 80
50 57
50 52
53 59
54 56
54 51
55 53
55 58
60 62
60 65
60 67
60 64
61 69
62 61
62 63
65 68
67 66
70 72
70 77
70 60
70 74
70 75
71 79
72 71
72 73
77 76
77 78
80 82
80 85
80 84
80 87
82 83
82 81
83 89
84 86
85 88
90 92
90 94
90 95
90 97
92 93
92 91
93 99
94 96
95 98
45 90
0 86
1 38
1 71
2 24
2 33
4 3
5 27
6 11
8 68
9 19
9 17
9 45
12 87
12 42
14 65
14 66
14 7
15 12
15 36
15 82
17 57
17 10
18 55
24 28
25 61
27 89
34 47
34 8
34 20
35 26
35 18
38 69
39 62
40 72
41 79
42 64
43 56
44 23
45 83
46 90
46 58
46 39
47 77
48 85
49 70
53 22
54 37
58 31
59 63
59 2
59 5
60 25
60 44
60 13
65 30
65 29
67 4
69 15
69 53
69 40
69 67
69 78
69 46
69 81
69 6
69 52
69 88
69 59
69 60
69 49
69 34
69 9
69 76
69 14
69 50
71 43
71 74
71 75
72 51
74 54
75 21
78 35
78 84
78 48
81 41
81 16
81 80
84 73
90 32
90 0
7 10
0 9
1 4
2 3
3 7
4 7
5 3
6 9
8 7
9 7
10 9
39 39
1 10
1 33
1 21
1 11
1 6
1 26
1 14
1 19
1 9
1 22
1 34
1 16
1 35
1 2
1 13
1 30
1 4
1 27
1 25
1 37
1 24
1 20
1 0
1 18
1 38
1 7
1 12
1 31
1 39
1 8
1 15
1 32
1 5
1 29
1 23
1 3
1 36
1 28
1 17
81 99
0 12
0 17
0 27
0 2
0 10
1 0
1 5
1 33
1 4
1 20
1 9
1 32
5 16
5 52
5 54
5 58
5 63
5 80
5 85
5 95
5 97
8 40
9 18
9 48
12 14
12 15
12 23
12 29
12 39
12 88
12 90
12 93
17 55
18 24
18 28
18 30
18 37
18 42
18 71
18 76
18 78
20 6
20 11
20 26
20 25
26 35
26 44
26 46
26 53
26 66
26 87
27 21
27 41
29 49
29 86
29 91
33 8
33 13
33 47
33 34
41 61
41 67
41 70
41 75
41 81
41 82
47 56
47 60
47 62
47 64
47 65
47 96
47 98
55 59
55 68
55 77
55 79
80 3
80 19
80 92
80 94
96 7
96 31
96 45
96 50
96 51
96 57
96 69
96 73
96 83
98 22
98 36
98 38
98 43
98 72
98 74
98 84
98 89
98 99
76 99
1 4
2 36
3 0
4 0
5 81
6 81
7 67
8 16
10 0
11 36
12 19
13 10
14 13
15 3
16 4
17 67
18 44
18 5
20 4
21 60
22 13
23 13
24 19
25 20
26 20
27 10
28 13
29 11
30 0
31 13
32 13
33 30
34 30
35 30
36 30
37 18
38 81
39 81
40 0
41 9
42 3
43 44
44 0
45 30
46 20
47 3
48 36
49 18
50 9
51 42
52 9
53 30
54 36
55 81
56 30
57 9
58 9
59 9
60 44
61 30
62 36
63 81
64 13
65 60
66 20
67 43
68 51
69 60
69 19
70 67
71 10
72 9
73 51
74 9
75 20
76 81
77 51
78 51
79 9
80 69
82 40
82 9
83 20
84 69
85 81
86 60
87 67
88 67
89 60
90 82
91 60
92 36
93 82
94 51
95 51
96 20
97 13
98 81
99 20
70 99
2 88
2 50
3 62
4 44
5 79
6 45
7 79
9 0
10 47
11 62
12 37
13 70
14 50
15 54
16 0
17 0
18 53
19 15
20 45
21 54
22 81
22 8
23 88
24 81
25 76
26 39
27 50
28 36
29 88
29 4
30 48
31 39
32 0
33 73
34 8
35 22
36 81
37 1
38 36
39 88
40 54
41 8
42 8
43 0
45 81
46 58
47 81
48 88
48 22
49 88
51 22
52 0
53 50
54 1
55 73
56 54
57 48
58 44
59 36
60 70
61 37
63 88
64 63
65 81
65 3
66 58
67 37
68 22
69 0
70 88
71 73
72 63
73 58
74 63
75 67
76 81
77 70
78 67
79 62
80 0
81 1
82 67
83 36
84 81
85 79
86 67
87 67
88 0
89 39
90 70
91 81
92 36
93 88
94 88
95 79
96 67
97 63
98 62
99 81
79 99
1 9
1 17
1 40
1 13
1 2
1 7
1 26
2 10
9 11
9 16
9 35
9 73
9 76
9 80
9 90
9 93
10 58
10 64
10 66
10 68
10 87
10 20
11 23
11 28
11 32
11 43
11 56
11 69
11 71
11 83
11 95
11 98
13 34
16 62
16 84
17 45
17 22
17 21
17 24
25 65
25 79
25 39
25 52
25 57
29 33
29 74
29 92
31 37
31 41
31 44
31 49
31 51
31 61
31 86
31 97
34 72
34 75
35 29
35 89
35 96
35 36
35 77
40 5
45 25
45 47
45 54
45 55
45 59
45 63
45 82
57 0
57 8
57 14
57 27
57 38
57 42
57 60
79 12
79 18
79 48
79 50
79 53
79 91
80 99
83 3
83 6
83 70
83 78
90 31
90 81
90 85
96 4
96 15
96 19
96 30
96 46
96 67
96 88
96 94
75 99
0 37
0 60
1 7
1 16
1 17
7 76
7 79
7 91
8 12
8 15
8 29
8 58
8 85
8 87
8 88
8 93
9 28
10 19
10 45
10 48
10 61
10 70
10 13
16 0
16 5
16 9
16 31
16 21
16 23
16 18
17 6
17 24
17 26
18 30
18 62
20 57
20 92
20 25
21 38
21 33
21 40
23 72
23 55
24 39
24 44
24 51
24 82
24 95
27 35
27 99
30 10
30 20
30 78
30 94
30 32
30 34
30 59
30 63
30 65
31 41
31 43
31 49
31 64
31 71
31 80
31 86
31 97
33 53
47 75
47 77
47 81
64 4
64 11
64 56
67 69
67 73
68 22
68 47
68 90
68 98
72 74
72 83
72 96
79 8
79 36
79 52
79 89
91 2
91 27
91 42
91 46
91 50
91 54
91 66
91 67
91 68
91 84
99 3
99 14
68 98
0 2
1 0
1 3
1 4
2 5
2 6
3 7
3 8
4 9
4 10
5 12
6 14
7 15
7 16
7 20
7 30
7 33
7 34
7 47
7 69
7 79
7 89
8 11
8 17
8 18
8 35
8 38
8 39
8 58
8 68
8 78
8 81
8 83
9 13
9 19
9 21
9 36
9 40
9 50
9 84
9 86
9 88
10 22
10 29
10 31
10 32
10 60
10 90
14 98
15 54
15 95
16 49
16 65
16 73
16 87
16 97
20 41
20 42
20 85
21 63
21 75
22 46
29 76
30 55
30 61
30 62
30 64
30 96
33 28
33 67
33 92
33 94
34 24
34 27
34 37
34 70
34 71
34 74
35 45
35 91
38 51
38 66
38 77
39 26
39 80
47 23
47 48
47 56
64 53
68 52
69 57
69 59
69 72
69 93
79 43
79 44
81 82
83 25
70 98
0 2
1 0
1 3
1 4
2 5
2 6
3 7
3 8
4 9
4 10
5 11
5 12
7 13
7 15
7 16
7 19
7 20
7 40
7 44
7 77
7 95
8 14
8 17
8 18
8 26
8 34
8 47
8 54
8 72
8 76
8 84
8 85
8 91
8 96
8 98
9 42
9 52
9 58
9 75
9 93
10 21
10 22
10 24
10 33
10 55
10 62
10 67
10 70
10 78
10 82
13 23
13 27
13 28
13 45
13 50
13 64
14 29
14 60
15 31
15 32
15 53
16 56
16 68
16 73
16 86
17 36
17 65
18 37
19 39
19 43
19 57
19 63
19 71
19 89
20 30
20 41
24 51
26 46
34 61
40 38
40 81
44 35
44 49
44 69
44 79
44 88
44 90
54 80
76 59
77 25
77 92
77 94
85 87
95 48
98 66
98 74
98 83
98 97
69 98
0 2
1 0
1 3
1 4
2 5
2 6
3 7
3 8
4 9
4 10
5 11
5 12
6 13
6 14
7 15
7 16
7 42
7 46
7 47
7 53
7 62
7 79
7 87
8 17
8 18
8 29
8 32
8 40
8 65
9 19
9 20
9 33
9 49
9 51
9 54
9 70
9 74
9 83
10 21
10 22
10 23
10 25
10 28
10 57
10 72
10 82
10 90
10 92
10 95
10 97
15 31
15 36
15 48
15 80
15 81
15 89
16 34
16 41
16 45
16 66
16 69
16 88
17 35
17 55
18 37
19 24
19 64
19 73
19 78
25 52
29 59
29 60
33 67
33 91
40 27
42 30
42 85
42 86
46 43
46 68
46 93
46 94
47 44
47 58
47 63
47 96
49 75
53 26
53 38
53 50
53 56
54 71
65 76
65 98
70 61
74 84
79 39
79 77
69 98
0 2
1 0
1 3
1 4
2 5
2 6
3 7
3 8
4 9
4 10
5 11
5 12
6 13
6 14
7 15
7 16
7 42
7 46
7 47
7 53
7 62
7 79
7 87
8 17
8 18
8 29
8 32
8 40
8 65
9 19
9 20
9 33
9 49
9 51
9 54
9 70
9 74
9 83
10 21
10 22
10 23
10 25
10 28
10 57
10 72
10 82
10 90
10 92
10 95
10 97
15 31
15 36
15 48
15 80
15 81
15 89
16 34
16 41
16 45
16 66
16 69
16 88
17 35
17 55
18 37
19 24
19 64
19 73
19 78
25 52
29 59
29 60
33 67
33 91
40 27
42 30
42 85
42 86
46 43
46 68
46 93
46 94
47 44
47 58
47 63
47 96
49 75
53 26
53 38
53 50
53 56
54 71
65 76
65 98
70 61
74 84
79 39
79 77
63 98
0 1
0 2
3 1
4 1
5 2
6 2
7 3
8 3
9 4
10 4
11 5
12 5
13 6
14 6
15 7
16 7
17 8
18 8
19 9
20 9
21 10
22 10
23 11
24 11
25 12
26 12
27 7
28 13
29 14
30 14
31 15
32 11
33 8
34 16
35 17
36 9
37 11
38 11
39 19
40 19
41 14
42 86
43 21
44 27
45 36
46 33
47 23
48 11
49 84
50 97
51 12
52 32
53 12
54 15
55 27
56 27
57 7
58 16
59 7
60 91
61 11
62 11
63 13
64 86
65 33
66 22
67 33
68 15
69 14
70 12
71 10
72 11
73 9
74 36
75 13
76 9
77 13
78 13
79 27
80 38
81 59
82 94
83 14
84 7
85 16
86 7
87 72
88 57
89 27
90 58
91 9
92 33
93 17
94 8
95 13
96 11
97 7
98 23
67 99
1 6
2 27
3 23
4 80
5 37
6 0
7 26
8 54
9 81
10 35
11 6
12 81
13 23
14 37
15 27
16 30
17 79
18 10
19 89
20 23
21 60
22 13
23 0
24 79
25 79
26 35
27 75
28 23
29 80
30 75
31 84
32 35
33 23
34 88
35 0
36 81
37 75
38 27
39 88
40 79
41 79
42 81
43 89
44 63
45 70
46 72
47 88
48 20
49 99
50 6
51 59
52 28
53 89
54 89
55 39
56 3
57 30
58 27
59 23
60 0
61 60
62 87
63 75
64 9
65 35
66 33
67 70
68 60
69 88
70 75
71 6
72 81
73 82
74 3
75 0
76 88
77 75
78 77
79 75
80 23
81 0
82 75
83 88
84 88
85 82
86 10
87 6
88 0
89 0
90 60
91 60
92 63
93 3
94 84
95 88
96 10
97 89
98 26
99 88
61 99
0 37
0 79
0 29
0 24
0 43
0 66
0 11
1 0
1 59
1 89
1 45
1 84
1 67
1 96
1 88
6 12
7 35
11 41
11 94
11 65
11 20
13 31
13 22
13 53
17 27
19 17
19 74
19 71
24 21
24 73
26 28
29 4
29 92
29 58
31 81
36 61
37 9
37 64
37 78
38 2
38 18
38 49
40 86
42 44
43 42
43 46
43 80
45 13
45 30
45 33
45 34
45 77
45 60
45 70
48 16
48 97
48 62
50 32
52 76
55 39
55 95
56 75
59 7
59 48
59 55
59 93
59 87
64 5
66 69
67 10
67 19
67 50
67 82
70 83
72 63
72 99
77 25
79 3
79 47
79 56
82 54
84 26
84 40
84 57
84 85
88 8
88 36
89 6
89 23
89 38
89 91
91 14
91 90
91 98
93 51
96 15
96 52
96 68
96 72
66 99
1 0
2 41
3 41
4 47
5 15
6 2
7 72
8 47
10 65
11 69
12 97
13 87
14 41
15 41
16 9
17 78
18 2
19 65
20 45
21 95
22 47
23 54
24 26
25 41
26 87
27 25
28 26
29 2
30 39
31 87
32 14
33 1
34 97
35 68
36 65
37 69
38 10
39 96
40 31
41 0
42 47
43 96
44 54
45 0
46 31
47 0
48 97
49 97
50 31
51 88
51 9
52 96
53 22
54 87
55 47
56 92
57 54
58 68
59 72
60 83
61 1
62 14
63 1
64 45
65 96
66 13
67 54
68 87
69 0
70 15
71 72
72 0
73 96
74 96
75 69
76 72
77 3
78 96
79 43
80 9
81 41
82 96
83 45
84 73
85 96
86 72
87 0
88 69
89 13
90 97
91 9
92 15
93 3
94 45
95 81
96 0
97 41
98 14
99 1
64 99
0 13
0 55
0 70
1 45
1 21
1 69
1 95
2 8
2 4
3 23
6 14
6 80
6 38
6 98
6 71
9 16
9 46
9 40
12 77
12 64
16 89
16 65
20 18
21 52
21 43
21 73
21 30
21 47
21 97
24 11
24 29
24 78
27 83
27 91
30 56
30 84
35 22
35 90
38 58
41 72
41 92
41 74
43 2
43 39
43 82
43 88
43 99
43 94
45 9
45 12
45 54
46 37
46 76
47 5
47 63
47 57
47 85
48 17
48 19
48 25
50 51
52 15
52 32
52 42
54 10
54 27
54 35
54 68
59 60
59 61
64 33
64 79
69 6
69 20
69 24
69 41
69 48
69 81
71 66
73 36
73 44
73 49
73 53
73 96
81 31
81 87
86 62
88 7
88 34
88 67
93 26
94 28
95 0
95 50
95 59
95 75
95 86
97 3
97 93
68 99
3 14
4 40
5 37
6 52
7 58
8 89
9 0
10 9
11 89
12 1
13 78
14 0
15 31
16 58
17 66
18 13
19 0
20 0
21 87
22 66
23 2
24 16
25 87
26 52
27 14
28 2
29 58
30 37
31 19
32 14
33 9
34 1
35 56
36 74
37 20
38 19
39 93
40 78
41 14
42 9
43 62
44 13
45 47
46 64
47 1
48 89
49 14
50 58
51 20
52 0
53 98
54 40
55 50
56 78
57 19
58 0
59 78
59 1
60 73
61 20
62 20
63 52
64 73
65 78
66 73
67 19
68 60
69 38
70 78
71 65
72 40
73 0
74 73
75 19
76 20
77 14
78 0
79 98
80 14
81 47
82 58
83 58
84 59
85 59
86 58
87 78
88 9
89 0
90 73
91 60
92 61
93 52
94 59
95 9
96 73
97 52
98 78
98 2
99 9
61 99
0 99
1 4
1 84
1 38
1 57
1 3
1 32
1 81
1 86
3 0
3 23
3 17
3 87
3 53
4 89
4 27
4 33
4 61
4 97
6 44
7 34
7 67
7 82
14 56
17 40
19 42
22 8
22 94
24 35
24 49
24 26
25 79
27 16
27 55
31 37
31 75
32 20
32 22
32 31
32 64
32 47
32 63
33 13
33 14
33 30
33 78
33 60
38 54
38 98
45 39
45 51
45 68
47 2
47 91
49 48
54 70
57 10
57 19
57 24
57 25
57 45
57 93
57 58
58 28
59 21
61 59
61 72
66 15
77 12
77 52
79 18
81 6
81 69
81 71
81 74
82 11
83 5
84 7
84 77
84 92
84 95
84 96
85 46
86 9
86 36
89 62
89 66
89 76
89 85
92 73
92 88
92 90
93 29
93 50
95 43
95 83
97 41
97 65
97 80
62 99
0 59
1 29
1 94
1 25
1 83
1 3
1 42
1 6
3 49
3 43
3 10
4 41
4 68
4 7
4 99
6 0
6 74
6 66
6 82
6 80
10 97
11 23
14 27
16 58
17 72
17 30
17 85
21 57
25 2
25 87
25 69
25 78
25 40
26 16
26 31
26 93
26 33
29 4
29 17
29 26
29 60
29 65
29 70
32 61
38 13
38 32
38 45
38 54
39 34
39 95
42 11
42 14
42 89
42 75
42 44
42 86
43 47
44 73
49 48
49 84
49 77
58 52
60 12
60 15
60 22
60 67
62 8
62 64
64 9
65 53
65 55
65 96
69 20
70 18
78 63
78 81
79 50
79 71
79 92
83 19
83 21
83 38
83 39
83 88
86 35
86 36
86 56
86 91
87 51
87 98
88 24
88 37
89 76
90 28
90 46
93 5
94 62
94 79
94 90
65 99
1 94
1 2
1 39
1 82
1 60
1 19
1 33
1 85
1 69
1 37
2 68
2 73
2 50
2 44
2 31
3 47
5 66
5 55
5 38
10 9
10 81
15 32
15 99
19 17
19 87
19 61
22 35
24 91
27 70
29 28
31 0
33 56
33 95
33 58
33 92
37 29
37 45
37 52
39 10
39 24
39 27
39 78
39 63
39 51
44 14
50 46
50 48
50 75
53 4
53 13
54 6
54 7
54 8
54 23
54 25
54 40
54 41
54 74
56 20
58 80
60 15
60 53
60 62
61 16
68 77
68 88
69 96
69 71
72 65
72 76
73 12
73 36
73 59
74 18
78 57
78 98
82 11
82 22
82 43
82 97
82 84
85 3
85 26
85 42
85 83
85 93
86 21
86 30
86 49
86 67
89 34
89 79
90 64
94 5
94 54
94 72
94 86
94 89
94 90
59 59
1 0
1 2
1 3
1 4
1 5
1 6
1 7
1 8
1 9
1 10
1 11
1 12
1 13
1 14
1 15
1 16
1 17
1 18
1 19
1 20
1 21
1 22
1 23
1 24
1 25
1 26
1 27
1 28
1 29
1 30
1 31
1 32
1 33
1 34
1 35
1 36
1 37
1 38
1 39
1 40
1 41
1 42
1 43
1 44
1 45
1 46
1 47
1 48
1 49
1 50
1 51
1 52
1 53
1 54
1 55
1 56
1 57
1 58
1 59
80 99
1 80
2 71
3 85
4 67
5 69
6 67
7 67
8 67
9 69
10 80
11 80
12 67
13 71
14 80
15 69
16 80
17 69
18 90
19 69
20 85
21 69
22 98
23 67
24 71
25 71
26 69
27 67
28 67
29 69
30 67
31 69
32 71
33 69
34 69
35 85
36 80
37 71
38 80
39 67
40 12
41 27
42 8
43 4
44 12
45 27
46 4
47 4
48 8
49 6
50 4
51 4
52 4
53 6
54 8
55 12
56 4
57 7
58 7
59 6
60 4
61 4
62 6
63 6
64 12
65 12
66 23
67 0
68 8
69 0
70 5
71 0
72 6
73 4
74 8
75 4
76 12
77 8
78 4
79 28
80 0
81 5
82 12
83 17
84 27
85 0
86 8
87 7
88 8
89 0
90 0
91 30
92 4
93 4
94 9
95 6
96 0
97 30
98 0
99 4
73 99
1 11
2 11
3 1
4 72
5 36
6 61
7 29
8 98
9 45
10 0
11 0
12 61
13 80
14 45
15 21
16 97
17 27
18 45
19 23
20 29
21 52
22 11
23 29
24 52
25 59
26 61
27 10
28 27
29 0
30 56
31 52
32 72
33 72
34 1
35 11
36 11
37 52
38 21
39 72
40 23
41 97
42 64
43 56
44 22
45 10
46 59
47 2
48 99
49 29
50 83
51 54
52 0
53 52
54 10
55 59
56 0
57 61
58 2
59 10
60 59
61 0
62 29
63 27
64 29
65 45
66 34
67 52
68 36
69 83
70 27
71 59
72 10
73 72
74 88
75 45
76 80
77 54
78 56
79 97
80 11
81 61
82 97
83 29
84 45
85 45
86 56
87 56
88 29
89 72
90 97
91 27
92 87
93 97
94 10
95 98
96 27
97 0
98 11
99 27
51 99
3 8
3 82
4 9
6 44
8 2
10 41
12 93
13 95
14 33
15 82
15 9
16 51
17 7
18 10
19 31
20 46
21 81
23 57
24 6
25 93
25 22
26 34
27 70
28 15
29 52
30 91
31 2
32 5
32 78
33 0
34 44
35 10
36 45
37 82
38 46
39 0
40 94
41 1
42 57
43 39
44 1
45 52
45 2
46 0
47 55
48 4
49 67
50 22
51 7
52 1
53 14
54 67
55 1
56 57
56 5
57 0
58 33
59 52
60 93
61 55
62 25
63 8
64 80
65 46
66 2
67 41
68 38
69 9
70 49
71 34
72 17
73 17
74 12
75 25
76 93
77 5
78 11
79 41
80 2
81 33
83 22
84 11
85 51
86 14
87 31
88 59
89 60
90 51
91 93
92 13
93 0
94 33
95 33
95 7
96 25
97 43
98 0
98 52
99 8
44 99
0 90
1 31
1 63
1 99
3 21
3 25
3 34
4 33
4 52
6 7
8 23
16 51
18 41
18 55
19 59
21 86
24 36
26 20
27 58
27 64
29 5
30 93
31 16
31 88
33 38
39 73
42 71
42 82
43 69
43 87
44 30
44 84
44 85
45 37
45 67
48 28
48 45
49 2
49 39
49 61
49 68
50 3
50 4
50 80
50 92
51 19
52 17
53 12
54 32
54 75
57 29
59 46
61 47
62 27
62 56
62 60
63 72
63 97
64 11
65 14
66 35
66 57
66 65
66 77
68 96
72 48
72 54
74 26
74 49
74 89
76 78
79 91
79 98
80 13
80 40
81 9
81 42
83 8
85 76
86 22
87 24
87 95
88 44
88 62
88 79
89 6
91 0
92 15
92 18
92 94
94 10
95 70
97 53
97 66
99 43
99 50
99 74
99 81
99 83
51 99
0 11
2 69
3 82
4 30
7 39
9 55
9 79
10 11
10 33
12 14
13 6
14 30
15 99
16 90
17 99
19 21
20 49
21 1
22 5
23 14
23 41
24 62
25 69
26 31
27 69
28 6
29 19
30 1
31 1
32 47
33 30
33 13
34 35
35 1
36 48
37 51
38 2
39 26
40 11
42 28
43 99
43 8
44 92
45 62
46 71
47 1
48 22
49 5
50 4
51 33
52 4
53 17
54 28
55 13
56 35
57 6
58 54
59 28
60 11
61 75
62 1
63 22
64 30
65 8
66 71
67 61
68 26
69 1
70 1
71 6
72 35
73 77
74 69
75 16
76 26
77 35
78 11
79 18
80 70
81 27
82 47
82 5
83 8
84 24
85 77
86 94
87 36
88 13
89 35
90 30
91 5
92 63
93 64
94 31
95 69
96 39
97 90
98 21
99 1
56 99
3 35
3 44
4 10
5 36
6 1
7 92
8 26
9 94
10 6
11 42
12 26
13 28
14 94
15 2
16 35
17 77
18 57
19 54
20 44
21 16
22 2
23 94
24 44
25 10
26 35
27 0
28 71
29 57
30 2
31 12
32 63
33 15
34 74
35 0
36 87
37 63
38 57
39 51
40 90
41 72
42 3
43 27
43 30
44 1
45 15
46 20
47 57
48 64
49 54
50 51
51 1
52 64
53 33
54 2
55 65
56 57
57 2
58 99
59 10
60 35
61 99
62 16
63 6
64 2
65 35
66 84
67 44
68 87
69 82
70 0
71 1
72 35
73 57
74 70
75 27
76 71
77 70
78 51
79 22
80 30
81 63
82 3
83 51
85 96
86 18
87 0
88 71
89 84
90 98
91 51
92 35
93 57
94 1
95 75
96 27
97 39
98 6
98 84
99 35
55 99
1 20
1 62
1 79
1 87
3 73
5 21
6 89
7 75
9 61
10 54
10 55
13 22
14 51
14 64
15 58
15 88
16 93
18 0
19 82
20 10
20 96
21 29
23 30
24 28
25 6
25 17
25 18
25 34
34 59
36 7
36 95
37 4
37 23
37 33
43 63
43 92
44 35
44 84
45 9
45 24
45 27
45 80
48 83
52 48
54 32
54 71
54 76
54 94
55 26
55 81
55 91
61 70
62 3
62 5
62 13
62 25
62 36
62 37
62 39
62 57
62 86
65 46
67 11
67 38
67 41
67 97
68 8
74 31
76 65
77 14
77 42
77 56
78 2
78 43
78 52
79 44
79 45
79 49
79 98
84 60
85 47
87 12
87 67
87 78
90 53
90 69
90 99
95 50
95 72
96 15
96 16
96 19
96 40
96 66
96 68
96 77
96 85
96 90
98 74
53 99
0 69
0 73
1 37
1 42
2 14
2 81
4 3
5 8
6 55
7 81
7 50
7 49
9 80
9 67
10 37
10 23
11 18
12 73
13 4
15 46
16 38
16 79
17 33
18 73
18 5
19 38
20 29
21 69
22 6
23 69
24 18
25 6
26 67
27 51
28 92
29 42
30 73
31 73
32 3
34 23
35 41
36 32
38 4
39 42
40 78
41 14
43 97
44 81
45 81
46 69
46 3
47 42
48 49
50 42
51 30
52 27
53 30
54 97
55 3
56 18
57 23
58 32
59 4
60 80
61 46
62 55
63 41
64 41
65 67
66 31
68 8
70 42
71 21
72 21
74 26
75 33
76 79
77 81
78 81
80 69
80 33
82 37
83 44
84 44
85 82
86 69
87 42
88 91
89 22
90 37
91 4
92 8
93 73
94 87
95 32
96 79
97 14
98 77
99 49
57 99
1 53
3 95
4 53
7 6
7 28
8 25
9 47
10 72
11 94
13 78
14 58
15 70
16 11
17 12
18 6
18 12
19 26
20 3
21 52
22 36
22 5
23 5
24 62
25 35
26 95
27 5
29 28
30 38
31 34
32 57
33 12
34 44
35 0
36 2
37 91
38 36
39 53
39 36
40 36
41 70
42 94
43 2
44 98
45 34
46 0
47 53
48 66
49 72
50 26
51 98
52 98
54 43
55 34
56 28
57 3
58 46
59 5
60 25
61 22
62 58
63 36
64 66
65 6
67 98
68 46
68 53
68 7
68 66
69 94
70 2
71 91
72 2
73 67
74 36
75 33
76 25
77 35
78 46
79 12
80 15
81 67
82 41
83 72
84 59
85 10
86 36
87 38
88 58
89 77
90 70
91 46
92 62
93 39
94 95
95 0
96 46
97 12
98 2
99 38
54 99
0 60
1 32
1 41
1 73
1 83
1 87
4 3
8 23
8 64
8 90
9 69
10 25
10 35
11 0
11 21
11 47
11 97
12 24
14 2
14 96
15 49
16 14
16 29
16 74
16 99
23 28
24 7
25 66
27 67
29 44
30 17
32 11
32 16
32 53
34 26
35 18
35 61
35 70
41 46
41 84
41 89
43 42
43 98
46 27
46 43
46 63
46 68
46 80
46 88
47 38
47 54
50 48
50 56
51 34
51 50
51 78
51 91
54 45
54 95
55 62
55 81
55 86
60 31
61 93
63 12
63 30
65 5
72 15
73 8
73 10
73 55
73 71
77 4
79 22
80 58
81 76
82 75
82 79
83 37
83 51
84 19
84 33
84 52
84 59
84 72
85 39
85 77
85 92
85 94
87 9
87 13
87 65
87 82
87 85
89 20
89 57
97 6
99 36
99 40
57 99
2 46
2 56
4 9
5 9
6 40
6 87
7 40
7 37
8 31
9 0
10 9
11 9
11 1
12 27
13 65
14 59
15 53
16 60
17 39
17 81
18 82
19 81
20 9
21 40
21 52
22 65
23 48
24 3
24 76
25 3
26 46
27 9
28 81
29 65
30 94
31 3
32 34
33 91
34 48
35 1
36 76
39 31
40 0
41 23
42 1
43 4
44 56
45 20
47 35
48 0
49 37
50 60
51 25
52 46
52 31
53 41
54 31
55 4
57 25
58 26
59 46
60 3
61 34
62 68
62 38
63 1
64 40
65 40
66 20
67 73
68 73
69 60
70 94
71 20
72 1
73 9
74 56
75 35
75 94
77 46
78 46
79 25
80 3
82 1
83 82
84 87
85 37
86 4
88 65
89 60
90 23
91 35
92 37
93 65
95 3
96 76
97 87
98 71
99 23
49 99
3 2
4 19
5 0
7 86
9 33
9 8
10 8
11 45
12 38
13 2
14 0
15 29
16 65
17 25
18 1
18 13
19 0
21 20
22 94
23 71
24 33
25 42
26 4
27 91
27 20
28 51
29 65
29 48
30 86
31 38
32 24
33 0
34 46
35 82
36 10
37 9
38 5
39 27
40 94
41 52
42 14
42 1
43 58
44 91
45 0
47 58
48 6
49 94
50 8
51 5
52 59
53 58
54 61
55 46
56 41
57 44
58 45
59 45
60 96
61 86
62 3
63 58
63 34
64 11
65 0
66 0
66 86
67 86
68 37
69 6
70 29
71 59
72 5
73 91
74 87
75 20
76 43
77 42
78 3
79 3
80 14
81 40
82 62
83 58
84 29
85 20
87 1
88 9
89 11
90 59
91 0
92 24
93 49
94 1
95 72
96 77
97 86
98 43
99 58
50 99
1 31
1 45
2 11
2 51
4 79
5 68
6 40
7 4
8 0
9 51
10 90
12 31
13 25
14 51
15 79
16 59
17 31
18 29
19 68
20 76
21 32
22 38
23 96
24 32
25 0
26 68
27 79
28 96
29 4
30 62
32 96
33 26
34 28
35 96
36 95
37 14
38 8
39 17
41 45
42 79
43 85
44 4
44 68
47 40
47 27
47 55
48 46
49 77
50 68
52 63
53 79
53 17
54 46
56 50
57 75
58 71
59 77
60 55
61 62
63 28
64 40
65 8
66 26
67 79
67 11
67 62
67 46
69 57
70 42
71 3
72 45
73 54
74 68
75 29
76 31
77 4
78 97
79 0
80 8
81 77
82 80
83 15
84 68
85 67
86 90
87 51
88 3
88 35
89 19
90 3
91 55
92 27
93 71
94 11
95 90
96 0
97 46
98 62
99 86
56 99
4 79
5 12
6 71
7 42
8 0
9 3
10 35
11 60
12 82
13 1
14 28
15 19
16 20
17 37
18 0
19 13
20 64
21 93
22 93
23 12
24 53
25 60
26 29
27 71
29 8
29 71
30 43
31 1
32 46
33 46
34 85
35 36
36 2
37 2
38 50
39 82
40 75
41 46
42 8
43 18
44 47
45 18
46 2
47 13
48 91
49 78
50 79
51 69
52 20
53 2
54 42
55 91
55 28
56 39
57 71
58 8
59 82
60 9
61 47
62 30
63 41
64 1
65 58
66 79
67 29
68 79
69 12
70 25
71 13
71 37
72 37
73 39
74 19
75 79
76 43
77 28
78 3
79 0
80 39
81 60
82 1
83 4
84 93
85 9
86 22
87 60
88 87
89 93
90 28
91 2
92 29
93 8
94 91
95 18
96 98
97 4
98 64
98 3
99 34
56 99
1 8
1 19
1 39
1 45
1 60
1 64
2 73
5 27
8 48
8 50
8 98
8 99
10 91
16 42
19 16
19 26
19 47
19 68
19 74
19 82
19 84
19 96
24 6
24 14
24 55
26 7
26 79
30 4
33 44
38 83
38 87
39 40
39 51
39 56
39 72
39 75
40 37
40 49
40 57
40 69
41 22
41 29
43 38
43 59
43 67
43 95
45 30
46 0
46 34
47 15
48 2
48 20
50 58
50 65
51 17
51 97
54 28
56 78
58 21
58 92
60 43
60 80
60 86
60 89
61 52
63 13
63 23
64 41
64 61
64 71
64 77
64 85
64 88
68 18
68 35
68 63
68 93
69 11
71 94
75 9
80 25
82 53
84 3
84 31
84 33
84 46
84 54
84 70
85 62
86 12
86 32
89 5
93 36
93 81
96 10
97 90
98 76
99 24
99 66
56 99
1 18
1 38
2 3
2 12
3 4
6 56
7 2
7 24
7 55
7 70
7 76
7 82
7 92
7 96
8 35
8 98
9 51
9 89
13 22
16 9
16 43
18 7
18 8
18 29
18 30
18 39
18 87
20 31
20 52
23 64
24 14
24 26
24 79
27 41
29 23
29 37
29 50
29 53
29 67
29 71
29 95
30 16
30 54
32 58
32 68
36 25
37 42
38 13
38 36
38 66
39 27
39 48
40 77
42 5
45 62
46 57
50 61
50 83
53 28
53 86
55 20
55 72
55 74
55 80
58 69
60 19
64 0
66 17
66 33
66 45
66 60
66 91
66 93
67 44
67 65
67 99
70 10
70 34
70 63
71 81
71 85
71 97
73 40
74 15
74 47
76 21
76 59
76 90
84 78
87 32
87 46
87 73
87 84
90 11
92 94
95 49
95 75
98 6
98 88
